2023-07-03T17:10:22.786Z [Modules] Modules initializing
2023-07-03T17:10:22.788Z [Modules] Distribution: remote
2023-07-03T17:10:22.788Z [Modules] Host updates: disabled
2023-07-03T17:10:22.788Z [Modules] Module updates: enabled
2023-07-03T17:10:22.788Z [Modules] Module install path: /home/bindeshwar/snap/discord/153/.config/discord/0.0.27/modules
2023-07-03T17:10:22.788Z [Modules] Module installed file path: /home/bindeshwar/snap/discord/153/.config/discord/0.0.27/modules/installed.json
2023-07-03T17:10:22.789Z [Modules] Module download path: /home/bindeshwar/snap/discord/153/.config/discord/0.0.27/modules/pending
2023-07-03T17:10:23.179Z [Modules] Bootstrapping...
2023-07-03T17:10:23.181Z [Modules] Installing discord_desktop_core@0 from /snap/discord/153/usr/share/discord/resources/bootstrap/discord_desktop_core.zip
2023-07-03T17:10:23.182Z [Modules] Failed installing discord_desktop_core@0: Error: ENOENT: no such file or directory, open '/snap/discord/153/usr/share/discord/resources/bootstrap/discord_desktop_core.zip'
2023-07-03T17:10:23.184Z [Modules] Installing discord_erlpack@0 from /snap/discord/153/usr/share/discord/resources/bootstrap/discord_erlpack.zip
2023-07-03T17:10:23.184Z [Modules] Failed installing discord_erlpack@0: Error: ENOENT: no such file or directory, open '/snap/discord/153/usr/share/discord/resources/bootstrap/discord_erlpack.zip'
2023-07-03T17:10:23.185Z [Modules] Installing discord_spellcheck@0 from /snap/discord/153/usr/share/discord/resources/bootstrap/discord_spellcheck.zip
2023-07-03T17:10:23.188Z [Modules] Failed installing discord_spellcheck@0: Error: ENOENT: no such file or directory, open '/snap/discord/153/usr/share/discord/resources/bootstrap/discord_spellcheck.zip'
2023-07-03T17:10:23.189Z [Modules] Installing discord_utils@0 from /snap/discord/153/usr/share/discord/resources/bootstrap/discord_utils.zip
2023-07-03T17:10:23.191Z [Modules] Failed installing discord_utils@0: Error: ENOENT: no such file or directory, open '/snap/discord/153/usr/share/discord/resources/bootstrap/discord_utils.zip'
2023-07-03T17:10:23.192Z [Modules] Installing discord_voice@0 from /snap/discord/153/usr/share/discord/resources/bootstrap/discord_voice.zip
2023-07-03T17:10:23.192Z [Modules] Failed installing discord_voice@0: Error: ENOENT: no such file or directory, open '/snap/discord/153/usr/share/discord/resources/bootstrap/discord_voice.zip'
2023-07-03T17:10:23.193Z [Modules] Finished module installations. [success: 0] [failure: 5]
2023-07-03T17:10:23.193Z [Modules] Host is up to date.
2023-07-03T17:10:23.193Z [Modules] Checking for module updates at https://discord.com/api/modules/stable/versions.json
2023-07-03T17:10:23.442Z [Modules] Module update available: discord_desktop_core@1 [installed: 0]
2023-07-03T17:10:23.442Z [Modules] Module update available: discord_erlpack@1 [installed: 0]
2023-07-03T17:10:23.442Z [Modules] Module update available: discord_spellcheck@1 [installed: 0]
2023-07-03T17:10:23.442Z [Modules] Module update available: discord_utils@1 [installed: 0]
2023-07-03T17:10:23.442Z [Modules] Module update available: discord_voice@1 [installed: 0]
2023-07-03T17:10:23.443Z [Modules] Fetching discord_desktop_core@1 from https://discord.com/api/modules/stable/discord_desktop_core/1
2023-07-03T17:10:23.443Z [Modules] Streaming discord_desktop_core@1 to /home/bindeshwar/snap/discord/153/.config/discord/0.0.27/modules/pending/discord_desktop_core-1.zip
2023-07-03T17:10:25.003Z [Modules] Streaming discord_desktop_core@1 to /home/bindeshwar/snap/discord/153/.config/discord/0.0.27/modules/pending/discord_desktop_core-1.zip: 2%
2023-07-03T17:10:25.310Z [Modules] Streaming discord_desktop_core@1 to /home/bindeshwar/snap/discord/153/.config/discord/0.0.27/modules/pending/discord_desktop_core-1.zip: 5%
2023-07-03T17:10:25.413Z [Modules] Streaming discord_desktop_core@1 to /home/bindeshwar/snap/discord/153/.config/discord/0.0.27/modules/pending/discord_desktop_core-1.zip: 6%
2023-07-03T17:10:25.455Z [Modules] Streaming discord_desktop_core@1 to /home/bindeshwar/snap/discord/153/.config/discord/0.0.27/modules/pending/discord_desktop_core-1.zip: 7%
2023-07-03T17:10:25.478Z [Modules] Streaming discord_desktop_core@1 to /home/bindeshwar/snap/discord/153/.config/discord/0.0.27/modules/pending/discord_desktop_core-1.zip: 8%
2023-07-03T17:10:25.508Z [Modules] Streaming discord_desktop_core@1 to /home/bindeshwar/snap/discord/153/.config/discord/0.0.27/modules/pending/discord_desktop_core-1.zip: 9%
2023-07-03T17:10:25.559Z [Modules] Streaming discord_desktop_core@1 to /home/bindeshwar/snap/discord/153/.config/discord/0.0.27/modules/pending/discord_desktop_core-1.zip: 10%
2023-07-03T17:10:25.585Z [Modules] Streaming discord_desktop_core@1 to /home/bindeshwar/snap/discord/153/.config/discord/0.0.27/modules/pending/discord_desktop_core-1.zip: 11%
2023-07-03T17:10:25.605Z [Modules] Streaming discord_desktop_core@1 to /home/bindeshwar/snap/discord/153/.config/discord/0.0.27/modules/pending/discord_desktop_core-1.zip: 12%
2023-07-03T17:10:25.644Z [Modules] Streaming discord_desktop_core@1 to /home/bindeshwar/snap/discord/153/.config/discord/0.0.27/modules/pending/discord_desktop_core-1.zip: 13%
2023-07-03T17:10:25.662Z [Modules] Streaming discord_desktop_core@1 to /home/bindeshwar/snap/discord/153/.config/discord/0.0.27/modules/pending/discord_desktop_core-1.zip: 14%
2023-07-03T17:10:25.700Z [Modules] Streaming discord_desktop_core@1 to /home/bindeshwar/snap/discord/153/.config/discord/0.0.27/modules/pending/discord_desktop_core-1.zip: 15%
2023-07-03T17:10:25.719Z [Modules] Streaming discord_desktop_core@1 to /home/bindeshwar/snap/discord/153/.config/discord/0.0.27/modules/pending/discord_desktop_core-1.zip: 17%
2023-07-03T17:10:25.736Z [Modules] Streaming discord_desktop_core@1 to /home/bindeshwar/snap/discord/153/.config/discord/0.0.27/modules/pending/discord_desktop_core-1.zip: 18%
2023-07-03T17:10:25.753Z [Modules] Streaming discord_desktop_core@1 to /home/bindeshwar/snap/discord/153/.config/discord/0.0.27/modules/pending/discord_desktop_core-1.zip: 19%
2023-07-03T17:10:25.764Z [Modules] Streaming discord_desktop_core@1 to /home/bindeshwar/snap/discord/153/.config/discord/0.0.27/modules/pending/discord_desktop_core-1.zip: 20%
2023-07-03T17:10:25.775Z [Modules] Streaming discord_desktop_core@1 to /home/bindeshwar/snap/discord/153/.config/discord/0.0.27/modules/pending/discord_desktop_core-1.zip: 21%
2023-07-03T17:10:25.786Z [Modules] Streaming discord_desktop_core@1 to /home/bindeshwar/snap/discord/153/.config/discord/0.0.27/modules/pending/discord_desktop_core-1.zip: 22%
2023-07-03T17:10:25.798Z [Modules] Streaming discord_desktop_core@1 to /home/bindeshwar/snap/discord/153/.config/discord/0.0.27/modules/pending/discord_desktop_core-1.zip: 23%
2023-07-03T17:10:25.810Z [Modules] Streaming discord_desktop_core@1 to /home/bindeshwar/snap/discord/153/.config/discord/0.0.27/modules/pending/discord_desktop_core-1.zip: 24%
2023-07-03T17:10:25.819Z [Modules] Streaming discord_desktop_core@1 to /home/bindeshwar/snap/discord/153/.config/discord/0.0.27/modules/pending/discord_desktop_core-1.zip: 25%
2023-07-03T17:10:25.831Z [Modules] Streaming discord_desktop_core@1 to /home/bindeshwar/snap/discord/153/.config/discord/0.0.27/modules/pending/discord_desktop_core-1.zip: 26%
2023-07-03T17:10:25.841Z [Modules] Streaming discord_desktop_core@1 to /home/bindeshwar/snap/discord/153/.config/discord/0.0.27/modules/pending/discord_desktop_core-1.zip: 27%
2023-07-03T17:10:25.852Z [Modules] Streaming discord_desktop_core@1 to /home/bindeshwar/snap/discord/153/.config/discord/0.0.27/modules/pending/discord_desktop_core-1.zip: 28%
2023-07-03T17:10:25.862Z [Modules] Streaming discord_desktop_core@1 to /home/bindeshwar/snap/discord/153/.config/discord/0.0.27/modules/pending/discord_desktop_core-1.zip: 29%
2023-07-03T17:10:25.869Z [Modules] Streaming discord_desktop_core@1 to /home/bindeshwar/snap/discord/153/.config/discord/0.0.27/modules/pending/discord_desktop_core-1.zip: 30%
2023-07-03T17:10:25.878Z [Modules] Streaming discord_desktop_core@1 to /home/bindeshwar/snap/discord/153/.config/discord/0.0.27/modules/pending/discord_desktop_core-1.zip: 31%
2023-07-03T17:10:25.888Z [Modules] Streaming discord_desktop_core@1 to /home/bindeshwar/snap/discord/153/.config/discord/0.0.27/modules/pending/discord_desktop_core-1.zip: 33%
2023-07-03T17:10:25.895Z [Modules] Streaming discord_desktop_core@1 to /home/bindeshwar/snap/discord/153/.config/discord/0.0.27/modules/pending/discord_desktop_core-1.zip: 34%
2023-07-03T17:10:25.903Z [Modules] Streaming discord_desktop_core@1 to /home/bindeshwar/snap/discord/153/.config/discord/0.0.27/modules/pending/discord_desktop_core-1.zip: 35%
2023-07-03T17:10:25.909Z [Modules] Streaming discord_desktop_core@1 to /home/bindeshwar/snap/discord/153/.config/discord/0.0.27/modules/pending/discord_desktop_core-1.zip: 36%
2023-07-03T17:10:25.918Z [Modules] Streaming discord_desktop_core@1 to /home/bindeshwar/snap/discord/153/.config/discord/0.0.27/modules/pending/discord_desktop_core-1.zip: 37%
2023-07-03T17:10:25.925Z [Modules] Streaming discord_desktop_core@1 to /home/bindeshwar/snap/discord/153/.config/discord/0.0.27/modules/pending/discord_desktop_core-1.zip: 38%
2023-07-03T17:10:25.929Z [Modules] Streaming discord_desktop_core@1 to /home/bindeshwar/snap/discord/153/.config/discord/0.0.27/modules/pending/discord_desktop_core-1.zip: 39%
2023-07-03T17:10:25.937Z [Modules] Streaming discord_desktop_core@1 to /home/bindeshwar/snap/discord/153/.config/discord/0.0.27/modules/pending/discord_desktop_core-1.zip: 40%
2023-07-03T17:10:25.944Z [Modules] Streaming discord_desktop_core@1 to /home/bindeshwar/snap/discord/153/.config/discord/0.0.27/modules/pending/discord_desktop_core-1.zip: 41%
2023-07-03T17:10:25.949Z [Modules] Streaming discord_desktop_core@1 to /home/bindeshwar/snap/discord/153/.config/discord/0.0.27/modules/pending/discord_desktop_core-1.zip: 42%
2023-07-03T17:10:25.954Z [Modules] Streaming discord_desktop_core@1 to /home/bindeshwar/snap/discord/153/.config/discord/0.0.27/modules/pending/discord_desktop_core-1.zip: 43%
2023-07-03T17:10:25.963Z [Modules] Streaming discord_desktop_core@1 to /home/bindeshwar/snap/discord/153/.config/discord/0.0.27/modules/pending/discord_desktop_core-1.zip: 44%
2023-07-03T17:10:25.965Z [Modules] Streaming discord_desktop_core@1 to /home/bindeshwar/snap/discord/153/.config/discord/0.0.27/modules/pending/discord_desktop_core-1.zip: 45%
2023-07-03T17:10:25.971Z [Modules] Streaming discord_desktop_core@1 to /home/bindeshwar/snap/discord/153/.config/discord/0.0.27/modules/pending/discord_desktop_core-1.zip: 46%
2023-07-03T17:10:25.975Z [Modules] Streaming discord_desktop_core@1 to /home/bindeshwar/snap/discord/153/.config/discord/0.0.27/modules/pending/discord_desktop_core-1.zip: 48%
2023-07-03T17:10:25.979Z [Modules] Streaming discord_desktop_core@1 to /home/bindeshwar/snap/discord/153/.config/discord/0.0.27/modules/pending/discord_desktop_core-1.zip: 49%
2023-07-03T17:10:25.986Z [Modules] Streaming discord_desktop_core@1 to /home/bindeshwar/snap/discord/153/.config/discord/0.0.27/modules/pending/discord_desktop_core-1.zip: 50%
2023-07-03T17:10:25.989Z [Modules] Streaming discord_desktop_core@1 to /home/bindeshwar/snap/discord/153/.config/discord/0.0.27/modules/pending/discord_desktop_core-1.zip: 51%
2023-07-03T17:10:25.993Z [Modules] Streaming discord_desktop_core@1 to /home/bindeshwar/snap/discord/153/.config/discord/0.0.27/modules/pending/discord_desktop_core-1.zip: 52%
2023-07-03T17:10:25.999Z [Modules] Streaming discord_desktop_core@1 to /home/bindeshwar/snap/discord/153/.config/discord/0.0.27/modules/pending/discord_desktop_core-1.zip: 53%
2023-07-03T17:10:26.003Z [Modules] Streaming discord_desktop_core@1 to /home/bindeshwar/snap/discord/153/.config/discord/0.0.27/modules/pending/discord_desktop_core-1.zip: 54%
2023-07-03T17:10:26.009Z [Modules] Streaming discord_desktop_core@1 to /home/bindeshwar/snap/discord/153/.config/discord/0.0.27/modules/pending/discord_desktop_core-1.zip: 55%
2023-07-03T17:10:26.011Z [Modules] Streaming discord_desktop_core@1 to /home/bindeshwar/snap/discord/153/.config/discord/0.0.27/modules/pending/discord_desktop_core-1.zip: 56%
2023-07-03T17:10:26.017Z [Modules] Streaming discord_desktop_core@1 to /home/bindeshwar/snap/discord/153/.config/discord/0.0.27/modules/pending/discord_desktop_core-1.zip: 57%
2023-07-03T17:10:26.021Z [Modules] Streaming discord_desktop_core@1 to /home/bindeshwar/snap/discord/153/.config/discord/0.0.27/modules/pending/discord_desktop_core-1.zip: 58%
2023-07-03T17:10:26.024Z [Modules] Streaming discord_desktop_core@1 to /home/bindeshwar/snap/discord/153/.config/discord/0.0.27/modules/pending/discord_desktop_core-1.zip: 59%
2023-07-03T17:10:26.027Z [Modules] Streaming discord_desktop_core@1 to /home/bindeshwar/snap/discord/153/.config/discord/0.0.27/modules/pending/discord_desktop_core-1.zip: 60%
2023-07-03T17:10:26.031Z [Modules] Streaming discord_desktop_core@1 to /home/bindeshwar/snap/discord/153/.config/discord/0.0.27/modules/pending/discord_desktop_core-1.zip: 61%
2023-07-03T17:10:26.036Z [Modules] Streaming discord_desktop_core@1 to /home/bindeshwar/snap/discord/153/.config/discord/0.0.27/modules/pending/discord_desktop_core-1.zip: 62%
2023-07-03T17:10:26.041Z [Modules] Streaming discord_desktop_core@1 to /home/bindeshwar/snap/discord/153/.config/discord/0.0.27/modules/pending/discord_desktop_core-1.zip: 64%
2023-07-03T17:10:26.042Z [Modules] Streaming discord_desktop_core@1 to /home/bindeshwar/snap/discord/153/.config/discord/0.0.27/modules/pending/discord_desktop_core-1.zip: 65%
2023-07-03T17:10:26.049Z [Modules] Streaming discord_desktop_core@1 to /home/bindeshwar/snap/discord/153/.config/discord/0.0.27/modules/pending/discord_desktop_core-1.zip: 66%
2023-07-03T17:10:26.050Z [Modules] Streaming discord_desktop_core@1 to /home/bindeshwar/snap/discord/153/.config/discord/0.0.27/modules/pending/discord_desktop_core-1.zip: 67%
2023-07-03T17:10:26.056Z [Modules] Streaming discord_desktop_core@1 to /home/bindeshwar/snap/discord/153/.config/discord/0.0.27/modules/pending/discord_desktop_core-1.zip: 68%
2023-07-03T17:10:26.058Z [Modules] Streaming discord_desktop_core@1 to /home/bindeshwar/snap/discord/153/.config/discord/0.0.27/modules/pending/discord_desktop_core-1.zip: 69%
2023-07-03T17:10:26.061Z [Modules] Streaming discord_desktop_core@1 to /home/bindeshwar/snap/discord/153/.config/discord/0.0.27/modules/pending/discord_desktop_core-1.zip: 70%
2023-07-03T17:10:26.064Z [Modules] Streaming discord_desktop_core@1 to /home/bindeshwar/snap/discord/153/.config/discord/0.0.27/modules/pending/discord_desktop_core-1.zip: 71%
2023-07-03T17:10:26.068Z [Modules] Streaming discord_desktop_core@1 to /home/bindeshwar/snap/discord/153/.config/discord/0.0.27/modules/pending/discord_desktop_core-1.zip: 72%
2023-07-03T17:10:26.072Z [Modules] Streaming discord_desktop_core@1 to /home/bindeshwar/snap/discord/153/.config/discord/0.0.27/modules/pending/discord_desktop_core-1.zip: 73%
2023-07-03T17:10:26.076Z [Modules] Streaming discord_desktop_core@1 to /home/bindeshwar/snap/discord/153/.config/discord/0.0.27/modules/pending/discord_desktop_core-1.zip: 74%
2023-07-03T17:10:26.077Z [Modules] Streaming discord_desktop_core@1 to /home/bindeshwar/snap/discord/153/.config/discord/0.0.27/modules/pending/discord_desktop_core-1.zip: 75%
2023-07-03T17:10:26.081Z [Modules] Streaming discord_desktop_core@1 to /home/bindeshwar/snap/discord/153/.config/discord/0.0.27/modules/pending/discord_desktop_core-1.zip: 76%
2023-07-03T17:10:26.083Z [Modules] Streaming discord_desktop_core@1 to /home/bindeshwar/snap/discord/153/.config/discord/0.0.27/modules/pending/discord_desktop_core-1.zip: 77%
2023-07-03T17:10:26.088Z [Modules] Streaming discord_desktop_core@1 to /home/bindeshwar/snap/discord/153/.config/discord/0.0.27/modules/pending/discord_desktop_core-1.zip: 79%
2023-07-03T17:10:26.090Z [Modules] Streaming discord_desktop_core@1 to /home/bindeshwar/snap/discord/153/.config/discord/0.0.27/modules/pending/discord_desktop_core-1.zip: 80%
2023-07-03T17:10:26.095Z [Modules] Streaming discord_desktop_core@1 to /home/bindeshwar/snap/discord/153/.config/discord/0.0.27/modules/pending/discord_desktop_core-1.zip: 81%
2023-07-03T17:10:26.097Z [Modules] Streaming discord_desktop_core@1 to /home/bindeshwar/snap/discord/153/.config/discord/0.0.27/modules/pending/discord_desktop_core-1.zip: 82%
2023-07-03T17:10:26.100Z [Modules] Streaming discord_desktop_core@1 to /home/bindeshwar/snap/discord/153/.config/discord/0.0.27/modules/pending/discord_desktop_core-1.zip: 83%
2023-07-03T17:10:26.105Z [Modules] Streaming discord_desktop_core@1 to /home/bindeshwar/snap/discord/153/.config/discord/0.0.27/modules/pending/discord_desktop_core-1.zip: 84%
2023-07-03T17:10:26.108Z [Modules] Streaming discord_desktop_core@1 to /home/bindeshwar/snap/discord/153/.config/discord/0.0.27/modules/pending/discord_desktop_core-1.zip: 85%
2023-07-03T17:10:26.109Z [Modules] Streaming discord_desktop_core@1 to /home/bindeshwar/snap/discord/153/.config/discord/0.0.27/modules/pending/discord_desktop_core-1.zip: 86%
2023-07-03T17:10:26.112Z [Modules] Streaming discord_desktop_core@1 to /home/bindeshwar/snap/discord/153/.config/discord/0.0.27/modules/pending/discord_desktop_core-1.zip: 87%
2023-07-03T17:10:26.115Z [Modules] Streaming discord_desktop_core@1 to /home/bindeshwar/snap/discord/153/.config/discord/0.0.27/modules/pending/discord_desktop_core-1.zip: 88%
2023-07-03T17:10:26.119Z [Modules] Streaming discord_desktop_core@1 to /home/bindeshwar/snap/discord/153/.config/discord/0.0.27/modules/pending/discord_desktop_core-1.zip: 90%
2023-07-03T17:10:26.122Z [Modules] Streaming discord_desktop_core@1 to /home/bindeshwar/snap/discord/153/.config/discord/0.0.27/modules/pending/discord_desktop_core-1.zip: 91%
2023-07-03T17:10:26.125Z [Modules] Streaming discord_desktop_core@1 to /home/bindeshwar/snap/discord/153/.config/discord/0.0.27/modules/pending/discord_desktop_core-1.zip: 92%
2023-07-03T17:10:26.127Z [Modules] Streaming discord_desktop_core@1 to /home/bindeshwar/snap/discord/153/.config/discord/0.0.27/modules/pending/discord_desktop_core-1.zip: 93%
2023-07-03T17:10:26.131Z [Modules] Streaming discord_desktop_core@1 to /home/bindeshwar/snap/discord/153/.config/discord/0.0.27/modules/pending/discord_desktop_core-1.zip: 95%
2023-07-03T17:10:26.134Z [Modules] Streaming discord_desktop_core@1 to /home/bindeshwar/snap/discord/153/.config/discord/0.0.27/modules/pending/discord_desktop_core-1.zip: 97%
2023-07-03T17:10:26.138Z [Modules] Streaming discord_desktop_core@1 to /home/bindeshwar/snap/discord/153/.config/discord/0.0.27/modules/pending/discord_desktop_core-1.zip: 98%
2023-07-03T17:10:26.139Z [Modules] Streaming discord_desktop_core@1 to /home/bindeshwar/snap/discord/153/.config/discord/0.0.27/modules/pending/discord_desktop_core-1.zip: 100%
2023-07-03T17:10:26.140Z [Modules] Fetching discord_erlpack@1 from https://discord.com/api/modules/stable/discord_erlpack/1
2023-07-03T17:10:26.140Z [Modules] Streaming discord_erlpack@1 to /home/bindeshwar/snap/discord/153/.config/discord/0.0.27/modules/pending/discord_erlpack-1.zip
2023-07-03T17:10:26.823Z [Modules] Streaming discord_erlpack@1 to /home/bindeshwar/snap/discord/153/.config/discord/0.0.27/modules/pending/discord_erlpack-1.zip: 4%
2023-07-03T17:10:26.824Z [Modules] Streaming discord_erlpack@1 to /home/bindeshwar/snap/discord/153/.config/discord/0.0.27/modules/pending/discord_erlpack-1.zip: 13%
2023-07-03T17:10:26.825Z [Modules] Streaming discord_erlpack@1 to /home/bindeshwar/snap/discord/153/.config/discord/0.0.27/modules/pending/discord_erlpack-1.zip: 18%
2023-07-03T17:10:26.858Z [Modules] Streaming discord_erlpack@1 to /home/bindeshwar/snap/discord/153/.config/discord/0.0.27/modules/pending/discord_erlpack-1.zip: 19%
2023-07-03T17:10:26.860Z [Modules] Streaming discord_erlpack@1 to /home/bindeshwar/snap/discord/153/.config/discord/0.0.27/modules/pending/discord_erlpack-1.zip: 20%
2023-07-03T17:10:26.862Z [Modules] Streaming discord_erlpack@1 to /home/bindeshwar/snap/discord/153/.config/discord/0.0.27/modules/pending/discord_erlpack-1.zip: 24%
2023-07-03T17:10:26.869Z [Modules] Streaming discord_erlpack@1 to /home/bindeshwar/snap/discord/153/.config/discord/0.0.27/modules/pending/discord_erlpack-1.zip: 26%
2023-07-03T17:10:26.872Z [Modules] Streaming discord_erlpack@1 to /home/bindeshwar/snap/discord/153/.config/discord/0.0.27/modules/pending/discord_erlpack-1.zip: 30%
2023-07-03T17:10:26.874Z [Modules] Streaming discord_erlpack@1 to /home/bindeshwar/snap/discord/153/.config/discord/0.0.27/modules/pending/discord_erlpack-1.zip: 32%
2023-07-03T17:10:26.878Z [Modules] Streaming discord_erlpack@1 to /home/bindeshwar/snap/discord/153/.config/discord/0.0.27/modules/pending/discord_erlpack-1.zip: 35%
2023-07-03T17:10:26.880Z [Modules] Streaming discord_erlpack@1 to /home/bindeshwar/snap/discord/153/.config/discord/0.0.27/modules/pending/discord_erlpack-1.zip: 39%
2023-07-03T17:10:26.883Z [Modules] Streaming discord_erlpack@1 to /home/bindeshwar/snap/discord/153/.config/discord/0.0.27/modules/pending/discord_erlpack-1.zip: 41%
2023-07-03T17:10:26.889Z [Modules] Streaming discord_erlpack@1 to /home/bindeshwar/snap/discord/153/.config/discord/0.0.27/modules/pending/discord_erlpack-1.zip: 43%
2023-07-03T17:10:26.890Z [Modules] Streaming discord_erlpack@1 to /home/bindeshwar/snap/discord/153/.config/discord/0.0.27/modules/pending/discord_erlpack-1.zip: 47%
2023-07-03T17:10:26.893Z [Modules] Streaming discord_erlpack@1 to /home/bindeshwar/snap/discord/153/.config/discord/0.0.27/modules/pending/discord_erlpack-1.zip: 50%
2023-07-03T17:10:26.895Z [Modules] Streaming discord_erlpack@1 to /home/bindeshwar/snap/discord/153/.config/discord/0.0.27/modules/pending/discord_erlpack-1.zip: 51%
2023-07-03T17:10:26.898Z [Modules] Streaming discord_erlpack@1 to /home/bindeshwar/snap/discord/153/.config/discord/0.0.27/modules/pending/discord_erlpack-1.zip: 53%
2023-07-03T17:10:26.900Z [Modules] Streaming discord_erlpack@1 to /home/bindeshwar/snap/discord/153/.config/discord/0.0.27/modules/pending/discord_erlpack-1.zip: 56%
2023-07-03T17:10:26.902Z [Modules] Streaming discord_erlpack@1 to /home/bindeshwar/snap/discord/153/.config/discord/0.0.27/modules/pending/discord_erlpack-1.zip: 57%
2023-07-03T17:10:26.906Z [Modules] Streaming discord_erlpack@1 to /home/bindeshwar/snap/discord/153/.config/discord/0.0.27/modules/pending/discord_erlpack-1.zip: 59%
2023-07-03T17:10:26.907Z [Modules] Streaming discord_erlpack@1 to /home/bindeshwar/snap/discord/153/.config/discord/0.0.27/modules/pending/discord_erlpack-1.zip: 61%
2023-07-03T17:10:26.911Z [Modules] Streaming discord_erlpack@1 to /home/bindeshwar/snap/discord/153/.config/discord/0.0.27/modules/pending/discord_erlpack-1.zip: 62%
2023-07-03T17:10:26.913Z [Modules] Streaming discord_erlpack@1 to /home/bindeshwar/snap/discord/153/.config/discord/0.0.27/modules/pending/discord_erlpack-1.zip: 65%
2023-07-03T17:10:26.915Z [Modules] Streaming discord_erlpack@1 to /home/bindeshwar/snap/discord/153/.config/discord/0.0.27/modules/pending/discord_erlpack-1.zip: 69%
2023-07-03T17:10:26.922Z [Modules] Streaming discord_erlpack@1 to /home/bindeshwar/snap/discord/153/.config/discord/0.0.27/modules/pending/discord_erlpack-1.zip: 75%
2023-07-03T17:10:26.924Z [Modules] Streaming discord_erlpack@1 to /home/bindeshwar/snap/discord/153/.config/discord/0.0.27/modules/pending/discord_erlpack-1.zip: 76%
2023-07-03T17:10:26.928Z [Modules] Streaming discord_erlpack@1 to /home/bindeshwar/snap/discord/153/.config/discord/0.0.27/modules/pending/discord_erlpack-1.zip: 80%
2023-07-03T17:10:26.934Z [Modules] Streaming discord_erlpack@1 to /home/bindeshwar/snap/discord/153/.config/discord/0.0.27/modules/pending/discord_erlpack-1.zip: 83%
2023-07-03T17:10:26.938Z [Modules] Streaming discord_erlpack@1 to /home/bindeshwar/snap/discord/153/.config/discord/0.0.27/modules/pending/discord_erlpack-1.zip: 84%
2023-07-03T17:10:26.939Z [Modules] Streaming discord_erlpack@1 to /home/bindeshwar/snap/discord/153/.config/discord/0.0.27/modules/pending/discord_erlpack-1.zip: 87%
2023-07-03T17:10:26.960Z [Modules] Streaming discord_erlpack@1 to /home/bindeshwar/snap/discord/153/.config/discord/0.0.27/modules/pending/discord_erlpack-1.zip: 91%
2023-07-03T17:10:26.961Z [Modules] Streaming discord_erlpack@1 to /home/bindeshwar/snap/discord/153/.config/discord/0.0.27/modules/pending/discord_erlpack-1.zip: 96%
2023-07-03T17:10:26.962Z [Modules] Streaming discord_erlpack@1 to /home/bindeshwar/snap/discord/153/.config/discord/0.0.27/modules/pending/discord_erlpack-1.zip: 100%
2023-07-03T17:10:26.964Z [Modules] Fetching discord_spellcheck@1 from https://discord.com/api/modules/stable/discord_spellcheck/1
2023-07-03T17:10:26.964Z [Modules] Streaming discord_spellcheck@1 to /home/bindeshwar/snap/discord/153/.config/discord/0.0.27/modules/pending/discord_spellcheck-1.zip
2023-07-03T17:10:27.659Z [Modules] Streaming discord_spellcheck@1 to /home/bindeshwar/snap/discord/153/.config/discord/0.0.27/modules/pending/discord_spellcheck-1.zip: 1%
2023-07-03T17:10:27.661Z [Modules] Streaming discord_spellcheck@1 to /home/bindeshwar/snap/discord/153/.config/discord/0.0.27/modules/pending/discord_spellcheck-1.zip: 2%
2023-07-03T17:10:27.662Z [Modules] Streaming discord_spellcheck@1 to /home/bindeshwar/snap/discord/153/.config/discord/0.0.27/modules/pending/discord_spellcheck-1.zip: 3%
2023-07-03T17:10:27.698Z [Modules] Streaming discord_spellcheck@1 to /home/bindeshwar/snap/discord/153/.config/discord/0.0.27/modules/pending/discord_spellcheck-1.zip: 4%
2023-07-03T17:10:27.703Z [Modules] Streaming discord_spellcheck@1 to /home/bindeshwar/snap/discord/153/.config/discord/0.0.27/modules/pending/discord_spellcheck-1.zip: 5%
2023-07-03T17:10:27.879Z [Modules] Streaming discord_spellcheck@1 to /home/bindeshwar/snap/discord/153/.config/discord/0.0.27/modules/pending/discord_spellcheck-1.zip: 6%
2023-07-03T17:10:27.879Z [Modules] Streaming discord_spellcheck@1 to /home/bindeshwar/snap/discord/153/.config/discord/0.0.27/modules/pending/discord_spellcheck-1.zip: 8%
2023-07-03T17:10:27.883Z [Modules] Streaming discord_spellcheck@1 to /home/bindeshwar/snap/discord/153/.config/discord/0.0.27/modules/pending/discord_spellcheck-1.zip: 9%
2023-07-03T17:10:27.883Z [Modules] Streaming discord_spellcheck@1 to /home/bindeshwar/snap/discord/153/.config/discord/0.0.27/modules/pending/discord_spellcheck-1.zip: 10%
2023-07-03T17:10:27.885Z [Modules] Streaming discord_spellcheck@1 to /home/bindeshwar/snap/discord/153/.config/discord/0.0.27/modules/pending/discord_spellcheck-1.zip: 15%
2023-07-03T17:10:27.946Z [Modules] Streaming discord_spellcheck@1 to /home/bindeshwar/snap/discord/153/.config/discord/0.0.27/modules/pending/discord_spellcheck-1.zip: 16%
2023-07-03T17:10:27.947Z [Modules] Streaming discord_spellcheck@1 to /home/bindeshwar/snap/discord/153/.config/discord/0.0.27/modules/pending/discord_spellcheck-1.zip: 17%
2023-07-03T17:10:27.948Z [Modules] Streaming discord_spellcheck@1 to /home/bindeshwar/snap/discord/153/.config/discord/0.0.27/modules/pending/discord_spellcheck-1.zip: 18%
2023-07-03T17:10:27.949Z [Modules] Streaming discord_spellcheck@1 to /home/bindeshwar/snap/discord/153/.config/discord/0.0.27/modules/pending/discord_spellcheck-1.zip: 19%
2023-07-03T17:10:27.953Z [Modules] Streaming discord_spellcheck@1 to /home/bindeshwar/snap/discord/153/.config/discord/0.0.27/modules/pending/discord_spellcheck-1.zip: 20%
2023-07-03T17:10:27.956Z [Modules] Streaming discord_spellcheck@1 to /home/bindeshwar/snap/discord/153/.config/discord/0.0.27/modules/pending/discord_spellcheck-1.zip: 23%
2023-07-03T17:10:27.957Z [Modules] Streaming discord_spellcheck@1 to /home/bindeshwar/snap/discord/153/.config/discord/0.0.27/modules/pending/discord_spellcheck-1.zip: 24%
2023-07-03T17:10:27.960Z [Modules] Streaming discord_spellcheck@1 to /home/bindeshwar/snap/discord/153/.config/discord/0.0.27/modules/pending/discord_spellcheck-1.zip: 25%
2023-07-03T17:10:27.962Z [Modules] Streaming discord_spellcheck@1 to /home/bindeshwar/snap/discord/153/.config/discord/0.0.27/modules/pending/discord_spellcheck-1.zip: 28%
2023-07-03T17:10:27.965Z [Modules] Streaming discord_spellcheck@1 to /home/bindeshwar/snap/discord/153/.config/discord/0.0.27/modules/pending/discord_spellcheck-1.zip: 29%
2023-07-03T17:10:28.028Z [Modules] Streaming discord_spellcheck@1 to /home/bindeshwar/snap/discord/153/.config/discord/0.0.27/modules/pending/discord_spellcheck-1.zip: 30%
2023-07-03T17:10:28.034Z [Modules] Streaming discord_spellcheck@1 to /home/bindeshwar/snap/discord/153/.config/discord/0.0.27/modules/pending/discord_spellcheck-1.zip: 31%
2023-07-03T17:10:28.944Z [Modules] Streaming discord_spellcheck@1 to /home/bindeshwar/snap/discord/153/.config/discord/0.0.27/modules/pending/discord_spellcheck-1.zip: 32%
2023-07-03T17:10:29.102Z [Modules] Streaming discord_spellcheck@1 to /home/bindeshwar/snap/discord/153/.config/discord/0.0.27/modules/pending/discord_spellcheck-1.zip: 33%
2023-07-03T17:10:29.245Z [Modules] Streaming discord_spellcheck@1 to /home/bindeshwar/snap/discord/153/.config/discord/0.0.27/modules/pending/discord_spellcheck-1.zip: 34%
2023-07-03T17:10:29.411Z [Modules] Streaming discord_spellcheck@1 to /home/bindeshwar/snap/discord/153/.config/discord/0.0.27/modules/pending/discord_spellcheck-1.zip: 35%
2023-07-03T17:10:29.431Z [Modules] Streaming discord_spellcheck@1 to /home/bindeshwar/snap/discord/153/.config/discord/0.0.27/modules/pending/discord_spellcheck-1.zip: 36%
2023-07-03T17:10:29.448Z [Modules] Streaming discord_spellcheck@1 to /home/bindeshwar/snap/discord/153/.config/discord/0.0.27/modules/pending/discord_spellcheck-1.zip: 37%
2023-07-03T17:10:29.459Z [Modules] Streaming discord_spellcheck@1 to /home/bindeshwar/snap/discord/153/.config/discord/0.0.27/modules/pending/discord_spellcheck-1.zip: 38%
2023-07-03T17:10:29.461Z [Modules] Streaming discord_spellcheck@1 to /home/bindeshwar/snap/discord/153/.config/discord/0.0.27/modules/pending/discord_spellcheck-1.zip: 39%
2023-07-03T17:10:29.462Z [Modules] Streaming discord_spellcheck@1 to /home/bindeshwar/snap/discord/153/.config/discord/0.0.27/modules/pending/discord_spellcheck-1.zip: 40%
2023-07-03T17:10:29.585Z [Modules] Streaming discord_spellcheck@1 to /home/bindeshwar/snap/discord/153/.config/discord/0.0.27/modules/pending/discord_spellcheck-1.zip: 41%
2023-07-03T17:10:29.586Z [Modules] Streaming discord_spellcheck@1 to /home/bindeshwar/snap/discord/153/.config/discord/0.0.27/modules/pending/discord_spellcheck-1.zip: 42%
2023-07-03T17:10:29.613Z [Modules] Streaming discord_spellcheck@1 to /home/bindeshwar/snap/discord/153/.config/discord/0.0.27/modules/pending/discord_spellcheck-1.zip: 43%
2023-07-03T17:10:29.708Z [Modules] Streaming discord_spellcheck@1 to /home/bindeshwar/snap/discord/153/.config/discord/0.0.27/modules/pending/discord_spellcheck-1.zip: 44%
2023-07-03T17:10:29.713Z [Modules] Streaming discord_spellcheck@1 to /home/bindeshwar/snap/discord/153/.config/discord/0.0.27/modules/pending/discord_spellcheck-1.zip: 45%
2023-07-03T17:10:29.734Z [Modules] Streaming discord_spellcheck@1 to /home/bindeshwar/snap/discord/153/.config/discord/0.0.27/modules/pending/discord_spellcheck-1.zip: 46%
2023-07-03T17:10:29.737Z [Modules] Streaming discord_spellcheck@1 to /home/bindeshwar/snap/discord/153/.config/discord/0.0.27/modules/pending/discord_spellcheck-1.zip: 48%
2023-07-03T17:10:29.742Z [Modules] Streaming discord_spellcheck@1 to /home/bindeshwar/snap/discord/153/.config/discord/0.0.27/modules/pending/discord_spellcheck-1.zip: 49%
2023-07-03T17:10:29.743Z [Modules] Streaming discord_spellcheck@1 to /home/bindeshwar/snap/discord/153/.config/discord/0.0.27/modules/pending/discord_spellcheck-1.zip: 51%
2023-07-03T17:10:29.745Z [Modules] Streaming discord_spellcheck@1 to /home/bindeshwar/snap/discord/153/.config/discord/0.0.27/modules/pending/discord_spellcheck-1.zip: 55%
2023-07-03T17:10:29.897Z [Modules] Streaming discord_spellcheck@1 to /home/bindeshwar/snap/discord/153/.config/discord/0.0.27/modules/pending/discord_spellcheck-1.zip: 56%
2023-07-03T17:10:29.898Z [Modules] Streaming discord_spellcheck@1 to /home/bindeshwar/snap/discord/153/.config/discord/0.0.27/modules/pending/discord_spellcheck-1.zip: 58%
2023-07-03T17:10:29.900Z [Modules] Streaming discord_spellcheck@1 to /home/bindeshwar/snap/discord/153/.config/discord/0.0.27/modules/pending/discord_spellcheck-1.zip: 59%
2023-07-03T17:10:29.902Z [Modules] Streaming discord_spellcheck@1 to /home/bindeshwar/snap/discord/153/.config/discord/0.0.27/modules/pending/discord_spellcheck-1.zip: 60%
2023-07-03T17:10:29.903Z [Modules] Streaming discord_spellcheck@1 to /home/bindeshwar/snap/discord/153/.config/discord/0.0.27/modules/pending/discord_spellcheck-1.zip: 61%
2023-07-03T17:10:29.904Z [Modules] Streaming discord_spellcheck@1 to /home/bindeshwar/snap/discord/153/.config/discord/0.0.27/modules/pending/discord_spellcheck-1.zip: 62%
2023-07-03T17:10:29.906Z [Modules] Streaming discord_spellcheck@1 to /home/bindeshwar/snap/discord/153/.config/discord/0.0.27/modules/pending/discord_spellcheck-1.zip: 64%
2023-07-03T17:10:29.907Z [Modules] Streaming discord_spellcheck@1 to /home/bindeshwar/snap/discord/153/.config/discord/0.0.27/modules/pending/discord_spellcheck-1.zip: 65%
2023-07-03T17:10:29.909Z [Modules] Streaming discord_spellcheck@1 to /home/bindeshwar/snap/discord/153/.config/discord/0.0.27/modules/pending/discord_spellcheck-1.zip: 66%
2023-07-03T17:10:29.911Z [Modules] Streaming discord_spellcheck@1 to /home/bindeshwar/snap/discord/153/.config/discord/0.0.27/modules/pending/discord_spellcheck-1.zip: 67%
2023-07-03T17:10:29.924Z [Modules] Streaming discord_spellcheck@1 to /home/bindeshwar/snap/discord/153/.config/discord/0.0.27/modules/pending/discord_spellcheck-1.zip: 68%
2023-07-03T17:10:29.935Z [Modules] Streaming discord_spellcheck@1 to /home/bindeshwar/snap/discord/153/.config/discord/0.0.27/modules/pending/discord_spellcheck-1.zip: 69%
2023-07-03T17:10:29.947Z [Modules] Streaming discord_spellcheck@1 to /home/bindeshwar/snap/discord/153/.config/discord/0.0.27/modules/pending/discord_spellcheck-1.zip: 70%
2023-07-03T17:10:29.958Z [Modules] Streaming discord_spellcheck@1 to /home/bindeshwar/snap/discord/153/.config/discord/0.0.27/modules/pending/discord_spellcheck-1.zip: 71%
2023-07-03T17:10:29.972Z [Modules] Streaming discord_spellcheck@1 to /home/bindeshwar/snap/discord/153/.config/discord/0.0.27/modules/pending/discord_spellcheck-1.zip: 72%
2023-07-03T17:10:29.982Z [Modules] Streaming discord_spellcheck@1 to /home/bindeshwar/snap/discord/153/.config/discord/0.0.27/modules/pending/discord_spellcheck-1.zip: 73%
2023-07-03T17:10:30.013Z [Modules] Streaming discord_spellcheck@1 to /home/bindeshwar/snap/discord/153/.config/discord/0.0.27/modules/pending/discord_spellcheck-1.zip: 74%
2023-07-03T17:10:30.053Z [Modules] Streaming discord_spellcheck@1 to /home/bindeshwar/snap/discord/153/.config/discord/0.0.27/modules/pending/discord_spellcheck-1.zip: 75%
2023-07-03T17:10:30.064Z [Modules] Streaming discord_spellcheck@1 to /home/bindeshwar/snap/discord/153/.config/discord/0.0.27/modules/pending/discord_spellcheck-1.zip: 76%
2023-07-03T17:10:30.078Z [Modules] Streaming discord_spellcheck@1 to /home/bindeshwar/snap/discord/153/.config/discord/0.0.27/modules/pending/discord_spellcheck-1.zip: 77%
2023-07-03T17:10:30.092Z [Modules] Streaming discord_spellcheck@1 to /home/bindeshwar/snap/discord/153/.config/discord/0.0.27/modules/pending/discord_spellcheck-1.zip: 78%
2023-07-03T17:10:30.105Z [Modules] Streaming discord_spellcheck@1 to /home/bindeshwar/snap/discord/153/.config/discord/0.0.27/modules/pending/discord_spellcheck-1.zip: 79%
2023-07-03T17:10:30.116Z [Modules] Streaming discord_spellcheck@1 to /home/bindeshwar/snap/discord/153/.config/discord/0.0.27/modules/pending/discord_spellcheck-1.zip: 80%
2023-07-03T17:10:30.131Z [Modules] Streaming discord_spellcheck@1 to /home/bindeshwar/snap/discord/153/.config/discord/0.0.27/modules/pending/discord_spellcheck-1.zip: 81%
2023-07-03T17:10:30.140Z [Modules] Streaming discord_spellcheck@1 to /home/bindeshwar/snap/discord/153/.config/discord/0.0.27/modules/pending/discord_spellcheck-1.zip: 82%
2023-07-03T17:10:30.148Z [Modules] Streaming discord_spellcheck@1 to /home/bindeshwar/snap/discord/153/.config/discord/0.0.27/modules/pending/discord_spellcheck-1.zip: 83%
2023-07-03T17:10:30.161Z [Modules] Streaming discord_spellcheck@1 to /home/bindeshwar/snap/discord/153/.config/discord/0.0.27/modules/pending/discord_spellcheck-1.zip: 84%
2023-07-03T17:10:30.172Z [Modules] Streaming discord_spellcheck@1 to /home/bindeshwar/snap/discord/153/.config/discord/0.0.27/modules/pending/discord_spellcheck-1.zip: 85%
2023-07-03T17:10:30.183Z [Modules] Streaming discord_spellcheck@1 to /home/bindeshwar/snap/discord/153/.config/discord/0.0.27/modules/pending/discord_spellcheck-1.zip: 86%
2023-07-03T17:10:30.352Z [Modules] Streaming discord_spellcheck@1 to /home/bindeshwar/snap/discord/153/.config/discord/0.0.27/modules/pending/discord_spellcheck-1.zip: 87%
2023-07-03T17:10:30.352Z [Modules] Streaming discord_spellcheck@1 to /home/bindeshwar/snap/discord/153/.config/discord/0.0.27/modules/pending/discord_spellcheck-1.zip: 88%
2023-07-03T17:10:30.353Z [Modules] Streaming discord_spellcheck@1 to /home/bindeshwar/snap/discord/153/.config/discord/0.0.27/modules/pending/discord_spellcheck-1.zip: 89%
2023-07-03T17:10:30.355Z [Modules] Streaming discord_spellcheck@1 to /home/bindeshwar/snap/discord/153/.config/discord/0.0.27/modules/pending/discord_spellcheck-1.zip: 91%
2023-07-03T17:10:30.355Z [Modules] Streaming discord_spellcheck@1 to /home/bindeshwar/snap/discord/153/.config/discord/0.0.27/modules/pending/discord_spellcheck-1.zip: 92%
2023-07-03T17:10:30.442Z [Modules] Streaming discord_spellcheck@1 to /home/bindeshwar/snap/discord/153/.config/discord/0.0.27/modules/pending/discord_spellcheck-1.zip: 93%
2023-07-03T17:10:30.443Z [Modules] Streaming discord_spellcheck@1 to /home/bindeshwar/snap/discord/153/.config/discord/0.0.27/modules/pending/discord_spellcheck-1.zip: 94%
2023-07-03T17:10:30.444Z [Modules] Streaming discord_spellcheck@1 to /home/bindeshwar/snap/discord/153/.config/discord/0.0.27/modules/pending/discord_spellcheck-1.zip: 96%
2023-07-03T17:10:30.445Z [Modules] Streaming discord_spellcheck@1 to /home/bindeshwar/snap/discord/153/.config/discord/0.0.27/modules/pending/discord_spellcheck-1.zip: 97%
2023-07-03T17:10:30.447Z [Modules] Streaming discord_spellcheck@1 to /home/bindeshwar/snap/discord/153/.config/discord/0.0.27/modules/pending/discord_spellcheck-1.zip: 99%
2023-07-03T17:10:30.448Z [Modules] Streaming discord_spellcheck@1 to /home/bindeshwar/snap/discord/153/.config/discord/0.0.27/modules/pending/discord_spellcheck-1.zip: 100%
2023-07-03T17:10:30.450Z [Modules] Fetching discord_utils@1 from https://discord.com/api/modules/stable/discord_utils/1
2023-07-03T17:10:30.451Z [Modules] Streaming discord_utils@1 to /home/bindeshwar/snap/discord/153/.config/discord/0.0.27/modules/pending/discord_utils-1.zip
2023-07-03T17:10:30.983Z [Modules] Streaming discord_utils@1 to /home/bindeshwar/snap/discord/153/.config/discord/0.0.27/modules/pending/discord_utils-1.zip: 1%
2023-07-03T17:10:30.987Z [Modules] Streaming discord_utils@1 to /home/bindeshwar/snap/discord/153/.config/discord/0.0.27/modules/pending/discord_utils-1.zip: 2%
2023-07-03T17:10:30.993Z [Modules] Streaming discord_utils@1 to /home/bindeshwar/snap/discord/153/.config/discord/0.0.27/modules/pending/discord_utils-1.zip: 4%
2023-07-03T17:10:30.997Z [Modules] Streaming discord_utils@1 to /home/bindeshwar/snap/discord/153/.config/discord/0.0.27/modules/pending/discord_utils-1.zip: 5%
2023-07-03T17:10:31.003Z [Modules] Streaming discord_utils@1 to /home/bindeshwar/snap/discord/153/.config/discord/0.0.27/modules/pending/discord_utils-1.zip: 6%
2023-07-03T17:10:31.009Z [Modules] Streaming discord_utils@1 to /home/bindeshwar/snap/discord/153/.config/discord/0.0.27/modules/pending/discord_utils-1.zip: 7%
2023-07-03T17:10:31.013Z [Modules] Streaming discord_utils@1 to /home/bindeshwar/snap/discord/153/.config/discord/0.0.27/modules/pending/discord_utils-1.zip: 8%
2023-07-03T17:10:31.019Z [Modules] Streaming discord_utils@1 to /home/bindeshwar/snap/discord/153/.config/discord/0.0.27/modules/pending/discord_utils-1.zip: 9%
2023-07-03T17:10:31.023Z [Modules] Streaming discord_utils@1 to /home/bindeshwar/snap/discord/153/.config/discord/0.0.27/modules/pending/discord_utils-1.zip: 10%
2023-07-03T17:10:31.028Z [Modules] Streaming discord_utils@1 to /home/bindeshwar/snap/discord/153/.config/discord/0.0.27/modules/pending/discord_utils-1.zip: 11%
2023-07-03T17:10:31.031Z [Modules] Streaming discord_utils@1 to /home/bindeshwar/snap/discord/153/.config/discord/0.0.27/modules/pending/discord_utils-1.zip: 12%
2023-07-03T17:10:31.034Z [Modules] Streaming discord_utils@1 to /home/bindeshwar/snap/discord/153/.config/discord/0.0.27/modules/pending/discord_utils-1.zip: 13%
2023-07-03T17:10:31.045Z [Modules] Streaming discord_utils@1 to /home/bindeshwar/snap/discord/153/.config/discord/0.0.27/modules/pending/discord_utils-1.zip: 14%
2023-07-03T17:10:31.046Z [Modules] Streaming discord_utils@1 to /home/bindeshwar/snap/discord/153/.config/discord/0.0.27/modules/pending/discord_utils-1.zip: 18%
2023-07-03T17:10:31.055Z [Modules] Streaming discord_utils@1 to /home/bindeshwar/snap/discord/153/.config/discord/0.0.27/modules/pending/discord_utils-1.zip: 20%
2023-07-03T17:10:31.058Z [Modules] Streaming discord_utils@1 to /home/bindeshwar/snap/discord/153/.config/discord/0.0.27/modules/pending/discord_utils-1.zip: 21%
2023-07-03T17:10:31.059Z [Modules] Streaming discord_utils@1 to /home/bindeshwar/snap/discord/153/.config/discord/0.0.27/modules/pending/discord_utils-1.zip: 22%
2023-07-03T17:10:31.062Z [Modules] Streaming discord_utils@1 to /home/bindeshwar/snap/discord/153/.config/discord/0.0.27/modules/pending/discord_utils-1.zip: 23%
2023-07-03T17:10:31.065Z [Modules] Streaming discord_utils@1 to /home/bindeshwar/snap/discord/153/.config/discord/0.0.27/modules/pending/discord_utils-1.zip: 24%
2023-07-03T17:10:31.072Z [Modules] Streaming discord_utils@1 to /home/bindeshwar/snap/discord/153/.config/discord/0.0.27/modules/pending/discord_utils-1.zip: 25%
2023-07-03T17:10:31.076Z [Modules] Streaming discord_utils@1 to /home/bindeshwar/snap/discord/153/.config/discord/0.0.27/modules/pending/discord_utils-1.zip: 26%
2023-07-03T17:10:31.078Z [Modules] Streaming discord_utils@1 to /home/bindeshwar/snap/discord/153/.config/discord/0.0.27/modules/pending/discord_utils-1.zip: 27%
2023-07-03T17:10:31.082Z [Modules] Streaming discord_utils@1 to /home/bindeshwar/snap/discord/153/.config/discord/0.0.27/modules/pending/discord_utils-1.zip: 28%
2023-07-03T17:10:31.239Z [Modules] Streaming discord_utils@1 to /home/bindeshwar/snap/discord/153/.config/discord/0.0.27/modules/pending/discord_utils-1.zip: 29%
2023-07-03T17:10:31.390Z [Modules] Streaming discord_utils@1 to /home/bindeshwar/snap/discord/153/.config/discord/0.0.27/modules/pending/discord_utils-1.zip: 30%
2023-07-03T17:10:31.391Z [Modules] Streaming discord_utils@1 to /home/bindeshwar/snap/discord/153/.config/discord/0.0.27/modules/pending/discord_utils-1.zip: 32%
2023-07-03T17:10:31.399Z [Modules] Streaming discord_utils@1 to /home/bindeshwar/snap/discord/153/.config/discord/0.0.27/modules/pending/discord_utils-1.zip: 34%
2023-07-03T17:10:31.406Z [Modules] Streaming discord_utils@1 to /home/bindeshwar/snap/discord/153/.config/discord/0.0.27/modules/pending/discord_utils-1.zip: 36%
2023-07-03T17:10:31.407Z [Modules] Streaming discord_utils@1 to /home/bindeshwar/snap/discord/153/.config/discord/0.0.27/modules/pending/discord_utils-1.zip: 39%
2023-07-03T17:10:31.408Z [Modules] Streaming discord_utils@1 to /home/bindeshwar/snap/discord/153/.config/discord/0.0.27/modules/pending/discord_utils-1.zip: 43%
2023-07-03T17:10:31.409Z [Modules] Streaming discord_utils@1 to /home/bindeshwar/snap/discord/153/.config/discord/0.0.27/modules/pending/discord_utils-1.zip: 46%
2023-07-03T17:10:31.447Z [Modules] Streaming discord_utils@1 to /home/bindeshwar/snap/discord/153/.config/discord/0.0.27/modules/pending/discord_utils-1.zip: 47%
2023-07-03T17:10:31.448Z [Modules] Streaming discord_utils@1 to /home/bindeshwar/snap/discord/153/.config/discord/0.0.27/modules/pending/discord_utils-1.zip: 50%
2023-07-03T17:10:31.616Z [Modules] Streaming discord_utils@1 to /home/bindeshwar/snap/discord/153/.config/discord/0.0.27/modules/pending/discord_utils-1.zip: 52%
2023-07-03T17:10:31.617Z [Modules] Streaming discord_utils@1 to /home/bindeshwar/snap/discord/153/.config/discord/0.0.27/modules/pending/discord_utils-1.zip: 55%
2023-07-03T17:10:31.619Z [Modules] Streaming discord_utils@1 to /home/bindeshwar/snap/discord/153/.config/discord/0.0.27/modules/pending/discord_utils-1.zip: 64%
2023-07-03T17:10:31.667Z [Modules] Streaming discord_utils@1 to /home/bindeshwar/snap/discord/153/.config/discord/0.0.27/modules/pending/discord_utils-1.zip: 66%
2023-07-03T17:10:31.668Z [Modules] Streaming discord_utils@1 to /home/bindeshwar/snap/discord/153/.config/discord/0.0.27/modules/pending/discord_utils-1.zip: 69%
2023-07-03T17:10:31.672Z [Modules] Streaming discord_utils@1 to /home/bindeshwar/snap/discord/153/.config/discord/0.0.27/modules/pending/discord_utils-1.zip: 73%
2023-07-03T17:10:31.675Z [Modules] Streaming discord_utils@1 to /home/bindeshwar/snap/discord/153/.config/discord/0.0.27/modules/pending/discord_utils-1.zip: 86%
2023-07-03T17:10:31.677Z [Modules] Streaming discord_utils@1 to /home/bindeshwar/snap/discord/153/.config/discord/0.0.27/modules/pending/discord_utils-1.zip: 89%
2023-07-03T17:10:31.761Z [Modules] Streaming discord_utils@1 to /home/bindeshwar/snap/discord/153/.config/discord/0.0.27/modules/pending/discord_utils-1.zip: 91%
2023-07-03T17:10:31.762Z [Modules] Streaming discord_utils@1 to /home/bindeshwar/snap/discord/153/.config/discord/0.0.27/modules/pending/discord_utils-1.zip: 93%
2023-07-03T17:10:31.764Z [Modules] Streaming discord_utils@1 to /home/bindeshwar/snap/discord/153/.config/discord/0.0.27/modules/pending/discord_utils-1.zip: 100%
2023-07-03T17:10:31.767Z [Modules] Fetching discord_voice@1 from https://discord.com/api/modules/stable/discord_voice/1
2023-07-03T17:10:31.767Z [Modules] Streaming discord_voice@1 to /home/bindeshwar/snap/discord/153/.config/discord/0.0.27/modules/pending/discord_voice-1.zip
2023-07-03T17:10:32.518Z [Modules] Streaming discord_voice@1 to /home/bindeshwar/snap/discord/153/.config/discord/0.0.27/modules/pending/discord_voice-1.zip: 1%
2023-07-03T17:10:32.575Z [Modules] Streaming discord_voice@1 to /home/bindeshwar/snap/discord/153/.config/discord/0.0.27/modules/pending/discord_voice-1.zip: 2%
2023-07-03T17:10:32.595Z [Modules] Streaming discord_voice@1 to /home/bindeshwar/snap/discord/153/.config/discord/0.0.27/modules/pending/discord_voice-1.zip: 3%
2023-07-03T17:10:32.615Z [Modules] Streaming discord_voice@1 to /home/bindeshwar/snap/discord/153/.config/discord/0.0.27/modules/pending/discord_voice-1.zip: 4%
2023-07-03T17:10:32.658Z [Modules] Streaming discord_voice@1 to /home/bindeshwar/snap/discord/153/.config/discord/0.0.27/modules/pending/discord_voice-1.zip: 5%
2023-07-03T17:10:32.659Z [Modules] Streaming discord_voice@1 to /home/bindeshwar/snap/discord/153/.config/discord/0.0.27/modules/pending/discord_voice-1.zip: 6%
2023-07-03T17:10:32.688Z [Modules] Streaming discord_voice@1 to /home/bindeshwar/snap/discord/153/.config/discord/0.0.27/modules/pending/discord_voice-1.zip: 7%
2023-07-03T17:10:32.744Z [Modules] Streaming discord_voice@1 to /home/bindeshwar/snap/discord/153/.config/discord/0.0.27/modules/pending/discord_voice-1.zip: 8%
2023-07-03T17:10:32.938Z [Modules] Streaming discord_voice@1 to /home/bindeshwar/snap/discord/153/.config/discord/0.0.27/modules/pending/discord_voice-1.zip: 9%
2023-07-03T17:10:32.940Z [Modules] Streaming discord_voice@1 to /home/bindeshwar/snap/discord/153/.config/discord/0.0.27/modules/pending/discord_voice-1.zip: 10%
2023-07-03T17:10:32.989Z [Modules] Streaming discord_voice@1 to /home/bindeshwar/snap/discord/153/.config/discord/0.0.27/modules/pending/discord_voice-1.zip: 11%
2023-07-03T17:10:33.000Z [Modules] Streaming discord_voice@1 to /home/bindeshwar/snap/discord/153/.config/discord/0.0.27/modules/pending/discord_voice-1.zip: 12%
2023-07-03T17:10:33.024Z [Modules] Streaming discord_voice@1 to /home/bindeshwar/snap/discord/153/.config/discord/0.0.27/modules/pending/discord_voice-1.zip: 13%
2023-07-03T17:10:33.049Z [Modules] Streaming discord_voice@1 to /home/bindeshwar/snap/discord/153/.config/discord/0.0.27/modules/pending/discord_voice-1.zip: 14%
2023-07-03T17:10:33.057Z [Modules] Streaming discord_voice@1 to /home/bindeshwar/snap/discord/153/.config/discord/0.0.27/modules/pending/discord_voice-1.zip: 15%
2023-07-03T17:10:33.107Z [Modules] Streaming discord_voice@1 to /home/bindeshwar/snap/discord/153/.config/discord/0.0.27/modules/pending/discord_voice-1.zip: 16%
2023-07-03T17:10:33.109Z [Modules] Streaming discord_voice@1 to /home/bindeshwar/snap/discord/153/.config/discord/0.0.27/modules/pending/discord_voice-1.zip: 17%
2023-07-03T17:10:33.198Z [Modules] Streaming discord_voice@1 to /home/bindeshwar/snap/discord/153/.config/discord/0.0.27/modules/pending/discord_voice-1.zip: 18%
2023-07-03T17:10:33.200Z [Modules] Streaming discord_voice@1 to /home/bindeshwar/snap/discord/153/.config/discord/0.0.27/modules/pending/discord_voice-1.zip: 19%
2023-07-03T17:10:33.257Z [Modules] Streaming discord_voice@1 to /home/bindeshwar/snap/discord/153/.config/discord/0.0.27/modules/pending/discord_voice-1.zip: 20%
2023-07-03T17:10:33.604Z [Modules] Streaming discord_voice@1 to /home/bindeshwar/snap/discord/153/.config/discord/0.0.27/modules/pending/discord_voice-1.zip: 21%
2023-07-03T17:10:33.608Z [Modules] Streaming discord_voice@1 to /home/bindeshwar/snap/discord/153/.config/discord/0.0.27/modules/pending/discord_voice-1.zip: 22%
2023-07-03T17:10:33.611Z [Modules] Streaming discord_voice@1 to /home/bindeshwar/snap/discord/153/.config/discord/0.0.27/modules/pending/discord_voice-1.zip: 23%
2023-07-03T17:10:33.614Z [Modules] Streaming discord_voice@1 to /home/bindeshwar/snap/discord/153/.config/discord/0.0.27/modules/pending/discord_voice-1.zip: 24%
2023-07-03T17:10:33.615Z [Modules] Streaming discord_voice@1 to /home/bindeshwar/snap/discord/153/.config/discord/0.0.27/modules/pending/discord_voice-1.zip: 25%
2023-07-03T17:10:33.620Z [Modules] Streaming discord_voice@1 to /home/bindeshwar/snap/discord/153/.config/discord/0.0.27/modules/pending/discord_voice-1.zip: 26%
2023-07-03T17:10:33.624Z [Modules] Streaming discord_voice@1 to /home/bindeshwar/snap/discord/153/.config/discord/0.0.27/modules/pending/discord_voice-1.zip: 27%
2023-07-03T17:10:33.647Z [Modules] Streaming discord_voice@1 to /home/bindeshwar/snap/discord/153/.config/discord/0.0.27/modules/pending/discord_voice-1.zip: 28%
2023-07-03T17:10:33.802Z [Modules] Streaming discord_voice@1 to /home/bindeshwar/snap/discord/153/.config/discord/0.0.27/modules/pending/discord_voice-1.zip: 29%
2023-07-03T17:10:33.805Z [Modules] Streaming discord_voice@1 to /home/bindeshwar/snap/discord/153/.config/discord/0.0.27/modules/pending/discord_voice-1.zip: 30%
2023-07-03T17:10:33.808Z [Modules] Streaming discord_voice@1 to /home/bindeshwar/snap/discord/153/.config/discord/0.0.27/modules/pending/discord_voice-1.zip: 32%
2023-07-03T17:10:34.999Z [Modules] Streaming discord_voice@1 to /home/bindeshwar/snap/discord/153/.config/discord/0.0.27/modules/pending/discord_voice-1.zip: 33%
2023-07-03T17:10:35.329Z [Modules] Streaming discord_voice@1 to /home/bindeshwar/snap/discord/153/.config/discord/0.0.27/modules/pending/discord_voice-1.zip: 34%
2023-07-03T17:10:35.425Z [Modules] Streaming discord_voice@1 to /home/bindeshwar/snap/discord/153/.config/discord/0.0.27/modules/pending/discord_voice-1.zip: 35%
2023-07-03T17:10:35.551Z [Modules] Streaming discord_voice@1 to /home/bindeshwar/snap/discord/153/.config/discord/0.0.27/modules/pending/discord_voice-1.zip: 36%
2023-07-03T17:10:35.645Z [Modules] Streaming discord_voice@1 to /home/bindeshwar/snap/discord/153/.config/discord/0.0.27/modules/pending/discord_voice-1.zip: 37%
2023-07-03T17:10:35.885Z [Modules] Streaming discord_voice@1 to /home/bindeshwar/snap/discord/153/.config/discord/0.0.27/modules/pending/discord_voice-1.zip: 38%
2023-07-03T17:10:36.181Z [Modules] Streaming discord_voice@1 to /home/bindeshwar/snap/discord/153/.config/discord/0.0.27/modules/pending/discord_voice-1.zip: 39%
2023-07-03T17:10:36.271Z [Modules] Streaming discord_voice@1 to /home/bindeshwar/snap/discord/153/.config/discord/0.0.27/modules/pending/discord_voice-1.zip: 40%
2023-07-03T17:10:36.355Z [Modules] Streaming discord_voice@1 to /home/bindeshwar/snap/discord/153/.config/discord/0.0.27/modules/pending/discord_voice-1.zip: 41%
2023-07-03T17:10:36.430Z [Modules] Streaming discord_voice@1 to /home/bindeshwar/snap/discord/153/.config/discord/0.0.27/modules/pending/discord_voice-1.zip: 42%
2023-07-03T17:10:36.655Z [Modules] Streaming discord_voice@1 to /home/bindeshwar/snap/discord/153/.config/discord/0.0.27/modules/pending/discord_voice-1.zip: 43%
2023-07-03T17:10:36.728Z [Modules] Streaming discord_voice@1 to /home/bindeshwar/snap/discord/153/.config/discord/0.0.27/modules/pending/discord_voice-1.zip: 44%
2023-07-03T17:10:36.765Z [Modules] Streaming discord_voice@1 to /home/bindeshwar/snap/discord/153/.config/discord/0.0.27/modules/pending/discord_voice-1.zip: 45%
2023-07-03T17:10:36.768Z [Modules] Streaming discord_voice@1 to /home/bindeshwar/snap/discord/153/.config/discord/0.0.27/modules/pending/discord_voice-1.zip: 46%
2023-07-03T17:10:36.848Z [Modules] Streaming discord_voice@1 to /home/bindeshwar/snap/discord/153/.config/discord/0.0.27/modules/pending/discord_voice-1.zip: 47%
2023-07-03T17:10:36.936Z [Modules] Streaming discord_voice@1 to /home/bindeshwar/snap/discord/153/.config/discord/0.0.27/modules/pending/discord_voice-1.zip: 48%
2023-07-03T17:10:37.149Z [Modules] Streaming discord_voice@1 to /home/bindeshwar/snap/discord/153/.config/discord/0.0.27/modules/pending/discord_voice-1.zip: 49%
2023-07-03T17:10:37.212Z [Modules] Streaming discord_voice@1 to /home/bindeshwar/snap/discord/153/.config/discord/0.0.27/modules/pending/discord_voice-1.zip: 50%
2023-07-03T17:10:37.215Z [Modules] Streaming discord_voice@1 to /home/bindeshwar/snap/discord/153/.config/discord/0.0.27/modules/pending/discord_voice-1.zip: 51%
2023-07-03T17:10:37.367Z [Modules] Streaming discord_voice@1 to /home/bindeshwar/snap/discord/153/.config/discord/0.0.27/modules/pending/discord_voice-1.zip: 52%
2023-07-03T17:10:37.367Z [Modules] Streaming discord_voice@1 to /home/bindeshwar/snap/discord/153/.config/discord/0.0.27/modules/pending/discord_voice-1.zip: 53%
2023-07-03T17:10:37.431Z [Modules] Streaming discord_voice@1 to /home/bindeshwar/snap/discord/153/.config/discord/0.0.27/modules/pending/discord_voice-1.zip: 54%
2023-07-03T17:10:37.647Z [Modules] Streaming discord_voice@1 to /home/bindeshwar/snap/discord/153/.config/discord/0.0.27/modules/pending/discord_voice-1.zip: 55%
2023-07-03T17:10:37.650Z [Modules] Streaming discord_voice@1 to /home/bindeshwar/snap/discord/153/.config/discord/0.0.27/modules/pending/discord_voice-1.zip: 56%
2023-07-03T17:10:37.766Z [Modules] Streaming discord_voice@1 to /home/bindeshwar/snap/discord/153/.config/discord/0.0.27/modules/pending/discord_voice-1.zip: 57%
2023-07-03T17:10:37.768Z [Modules] Streaming discord_voice@1 to /home/bindeshwar/snap/discord/153/.config/discord/0.0.27/modules/pending/discord_voice-1.zip: 58%
2023-07-03T17:10:37.775Z [Modules] Streaming discord_voice@1 to /home/bindeshwar/snap/discord/153/.config/discord/0.0.27/modules/pending/discord_voice-1.zip: 59%
2023-07-03T17:10:37.846Z [Modules] Streaming discord_voice@1 to /home/bindeshwar/snap/discord/153/.config/discord/0.0.27/modules/pending/discord_voice-1.zip: 60%
2023-07-03T17:10:37.908Z [Modules] Streaming discord_voice@1 to /home/bindeshwar/snap/discord/153/.config/discord/0.0.27/modules/pending/discord_voice-1.zip: 61%
2023-07-03T17:10:38.116Z [Modules] Streaming discord_voice@1 to /home/bindeshwar/snap/discord/153/.config/discord/0.0.27/modules/pending/discord_voice-1.zip: 62%
2023-07-03T17:10:38.118Z [Modules] Streaming discord_voice@1 to /home/bindeshwar/snap/discord/153/.config/discord/0.0.27/modules/pending/discord_voice-1.zip: 63%
2023-07-03T17:10:38.119Z [Modules] Streaming discord_voice@1 to /home/bindeshwar/snap/discord/153/.config/discord/0.0.27/modules/pending/discord_voice-1.zip: 64%
2023-07-03T17:10:38.174Z [Modules] Streaming discord_voice@1 to /home/bindeshwar/snap/discord/153/.config/discord/0.0.27/modules/pending/discord_voice-1.zip: 65%
2023-07-03T17:10:38.475Z [Modules] Streaming discord_voice@1 to /home/bindeshwar/snap/discord/153/.config/discord/0.0.27/modules/pending/discord_voice-1.zip: 66%
2023-07-03T17:10:38.538Z [Modules] Streaming discord_voice@1 to /home/bindeshwar/snap/discord/153/.config/discord/0.0.27/modules/pending/discord_voice-1.zip: 67%
2023-07-03T17:10:38.598Z [Modules] Streaming discord_voice@1 to /home/bindeshwar/snap/discord/153/.config/discord/0.0.27/modules/pending/discord_voice-1.zip: 68%
2023-07-03T17:10:38.658Z [Modules] Streaming discord_voice@1 to /home/bindeshwar/snap/discord/153/.config/discord/0.0.27/modules/pending/discord_voice-1.zip: 69%
2023-07-03T17:10:38.724Z [Modules] Streaming discord_voice@1 to /home/bindeshwar/snap/discord/153/.config/discord/0.0.27/modules/pending/discord_voice-1.zip: 70%
2023-07-03T17:10:38.779Z [Modules] Streaming discord_voice@1 to /home/bindeshwar/snap/discord/153/.config/discord/0.0.27/modules/pending/discord_voice-1.zip: 71%
2023-07-03T17:10:38.830Z [Modules] Streaming discord_voice@1 to /home/bindeshwar/snap/discord/153/.config/discord/0.0.27/modules/pending/discord_voice-1.zip: 72%
2023-07-03T17:10:39.001Z [Modules] Streaming discord_voice@1 to /home/bindeshwar/snap/discord/153/.config/discord/0.0.27/modules/pending/discord_voice-1.zip: 73%
2023-07-03T17:10:39.002Z [Modules] Streaming discord_voice@1 to /home/bindeshwar/snap/discord/153/.config/discord/0.0.27/modules/pending/discord_voice-1.zip: 74%
2023-07-03T17:10:39.010Z [Modules] Streaming discord_voice@1 to /home/bindeshwar/snap/discord/153/.config/discord/0.0.27/modules/pending/discord_voice-1.zip: 75%
2023-07-03T17:10:39.074Z [Modules] Streaming discord_voice@1 to /home/bindeshwar/snap/discord/153/.config/discord/0.0.27/modules/pending/discord_voice-1.zip: 76%
2023-07-03T17:10:39.287Z [Modules] Streaming discord_voice@1 to /home/bindeshwar/snap/discord/153/.config/discord/0.0.27/modules/pending/discord_voice-1.zip: 77%
2023-07-03T17:10:39.291Z [Modules] Streaming discord_voice@1 to /home/bindeshwar/snap/discord/153/.config/discord/0.0.27/modules/pending/discord_voice-1.zip: 78%
2023-07-03T17:10:39.357Z [Modules] Streaming discord_voice@1 to /home/bindeshwar/snap/discord/153/.config/discord/0.0.27/modules/pending/discord_voice-1.zip: 79%
2023-07-03T17:10:39.359Z [Modules] Streaming discord_voice@1 to /home/bindeshwar/snap/discord/153/.config/discord/0.0.27/modules/pending/discord_voice-1.zip: 80%
2023-07-03T17:10:39.361Z [Modules] Streaming discord_voice@1 to /home/bindeshwar/snap/discord/153/.config/discord/0.0.27/modules/pending/discord_voice-1.zip: 81%
2023-07-03T17:10:39.397Z [Modules] Streaming discord_voice@1 to /home/bindeshwar/snap/discord/153/.config/discord/0.0.27/modules/pending/discord_voice-1.zip: 82%
2023-07-03T17:10:39.459Z [Modules] Streaming discord_voice@1 to /home/bindeshwar/snap/discord/153/.config/discord/0.0.27/modules/pending/discord_voice-1.zip: 83%
2023-07-03T17:10:39.508Z [Modules] Streaming discord_voice@1 to /home/bindeshwar/snap/discord/153/.config/discord/0.0.27/modules/pending/discord_voice-1.zip: 84%
2023-07-03T17:10:39.562Z [Modules] Streaming discord_voice@1 to /home/bindeshwar/snap/discord/153/.config/discord/0.0.27/modules/pending/discord_voice-1.zip: 85%
2023-07-03T17:10:39.612Z [Modules] Streaming discord_voice@1 to /home/bindeshwar/snap/discord/153/.config/discord/0.0.27/modules/pending/discord_voice-1.zip: 86%
2023-07-03T17:10:39.668Z [Modules] Streaming discord_voice@1 to /home/bindeshwar/snap/discord/153/.config/discord/0.0.27/modules/pending/discord_voice-1.zip: 87%
2023-07-03T17:10:39.716Z [Modules] Streaming discord_voice@1 to /home/bindeshwar/snap/discord/153/.config/discord/0.0.27/modules/pending/discord_voice-1.zip: 88%
2023-07-03T17:10:39.908Z [Modules] Streaming discord_voice@1 to /home/bindeshwar/snap/discord/153/.config/discord/0.0.27/modules/pending/discord_voice-1.zip: 89%
2023-07-03T17:10:39.910Z [Modules] Streaming discord_voice@1 to /home/bindeshwar/snap/discord/153/.config/discord/0.0.27/modules/pending/discord_voice-1.zip: 90%
2023-07-03T17:10:39.910Z [Modules] Streaming discord_voice@1 to /home/bindeshwar/snap/discord/153/.config/discord/0.0.27/modules/pending/discord_voice-1.zip: 91%
2023-07-03T17:10:40.007Z [Modules] Streaming discord_voice@1 to /home/bindeshwar/snap/discord/153/.config/discord/0.0.27/modules/pending/discord_voice-1.zip: 92%
2023-07-03T17:10:40.045Z [Modules] Streaming discord_voice@1 to /home/bindeshwar/snap/discord/153/.config/discord/0.0.27/modules/pending/discord_voice-1.zip: 93%
2023-07-03T17:10:40.225Z [Modules] Streaming discord_voice@1 to /home/bindeshwar/snap/discord/153/.config/discord/0.0.27/modules/pending/discord_voice-1.zip: 94%
2023-07-03T17:10:40.226Z [Modules] Streaming discord_voice@1 to /home/bindeshwar/snap/discord/153/.config/discord/0.0.27/modules/pending/discord_voice-1.zip: 95%
2023-07-03T17:10:40.326Z [Modules] Streaming discord_voice@1 to /home/bindeshwar/snap/discord/153/.config/discord/0.0.27/modules/pending/discord_voice-1.zip: 96%
2023-07-03T17:10:40.402Z [Modules] Streaming discord_voice@1 to /home/bindeshwar/snap/discord/153/.config/discord/0.0.27/modules/pending/discord_voice-1.zip: 97%
2023-07-03T17:10:40.404Z [Modules] Streaming discord_voice@1 to /home/bindeshwar/snap/discord/153/.config/discord/0.0.27/modules/pending/discord_voice-1.zip: 98%
2023-07-03T17:10:40.408Z [Modules] Streaming discord_voice@1 to /home/bindeshwar/snap/discord/153/.config/discord/0.0.27/modules/pending/discord_voice-1.zip: 99%
2023-07-03T17:10:40.411Z [Modules] Streaming discord_voice@1 to /home/bindeshwar/snap/discord/153/.config/discord/0.0.27/modules/pending/discord_voice-1.zip: 100%
2023-07-03T17:10:40.415Z [Modules] Finished module downloads. [success: 5] [failure: 0]
2023-07-03T17:10:40.416Z [Modules] Installing updates...
2023-07-03T17:10:40.417Z [Modules] Installing discord_desktop_core@1 from /home/bindeshwar/snap/discord/153/.config/discord/0.0.27/modules/pending/discord_desktop_core-1.zip
2023-07-03T17:10:40.513Z [Modules] Installing discord_erlpack@1 from /home/bindeshwar/snap/discord/153/.config/discord/0.0.27/modules/pending/discord_erlpack-1.zip
2023-07-03T17:10:40.583Z [Modules] Installing discord_spellcheck@1 from /home/bindeshwar/snap/discord/153/.config/discord/0.0.27/modules/pending/discord_spellcheck-1.zip
2023-07-03T17:10:41.357Z [Modules] Installing discord_utils@1 from /home/bindeshwar/snap/discord/153/.config/discord/0.0.27/modules/pending/discord_utils-1.zip
2023-07-03T17:10:41.800Z [Modules] Installing discord_voice@1 from /home/bindeshwar/snap/discord/153/.config/discord/0.0.27/modules/pending/discord_voice-1.zip
2023-07-03T17:10:42.573Z [Modules] Finished module installations. [success: 5] [failure: 0]
2023-07-03T17:10:42.574Z [Modules] Host is up to date.
2023-07-03T17:10:42.574Z [Modules] Checking for module updates at https://discord.com/api/modules/stable/versions.json
2023-07-03T17:10:42.578Z [Modules] No module updates available.
2023-07-03T17:10:46.707Z [Modules] Starting to install discord_krisp...
2023-07-03T17:10:46.707Z [Modules] Fetching discord_krisp@1 from https://discord.com/api/modules/stable/discord_krisp/1
2023-07-03T17:10:46.708Z [Modules] Streaming discord_krisp@1 to /home/bindeshwar/snap/discord/153/.config/discord/0.0.27/modules/pending/discord_krisp-1.zip
2023-07-03T17:10:46.733Z [Modules] Starting to install discord_game_utils...
2023-07-03T17:10:47.425Z [Modules] Streaming discord_krisp@1 to /home/bindeshwar/snap/discord/153/.config/discord/0.0.27/modules/pending/discord_krisp-1.zip: 1%
2023-07-03T17:10:47.449Z [Modules] Streaming discord_krisp@1 to /home/bindeshwar/snap/discord/153/.config/discord/0.0.27/modules/pending/discord_krisp-1.zip: 2%
2023-07-03T17:10:47.589Z [Modules] Streaming discord_krisp@1 to /home/bindeshwar/snap/discord/153/.config/discord/0.0.27/modules/pending/discord_krisp-1.zip: 5%
2023-07-03T17:10:47.729Z [Modules] Streaming discord_krisp@1 to /home/bindeshwar/snap/discord/153/.config/discord/0.0.27/modules/pending/discord_krisp-1.zip: 6%
2023-07-03T17:10:47.802Z [Modules] Streaming discord_krisp@1 to /home/bindeshwar/snap/discord/153/.config/discord/0.0.27/modules/pending/discord_krisp-1.zip: 7%
2023-07-03T17:10:47.804Z [Modules] Streaming discord_krisp@1 to /home/bindeshwar/snap/discord/153/.config/discord/0.0.27/modules/pending/discord_krisp-1.zip: 8%
2023-07-03T17:10:47.805Z [Modules] Streaming discord_krisp@1 to /home/bindeshwar/snap/discord/153/.config/discord/0.0.27/modules/pending/discord_krisp-1.zip: 9%
2023-07-03T17:10:47.857Z [Modules] Streaming discord_krisp@1 to /home/bindeshwar/snap/discord/153/.config/discord/0.0.27/modules/pending/discord_krisp-1.zip: 10%
2023-07-03T17:10:47.903Z [Modules] Streaming discord_krisp@1 to /home/bindeshwar/snap/discord/153/.config/discord/0.0.27/modules/pending/discord_krisp-1.zip: 11%
2023-07-03T17:10:47.940Z [Modules] Streaming discord_krisp@1 to /home/bindeshwar/snap/discord/153/.config/discord/0.0.27/modules/pending/discord_krisp-1.zip: 12%
2023-07-03T17:10:47.991Z [Modules] Streaming discord_krisp@1 to /home/bindeshwar/snap/discord/153/.config/discord/0.0.27/modules/pending/discord_krisp-1.zip: 13%
2023-07-03T17:10:48.029Z [Modules] Streaming discord_krisp@1 to /home/bindeshwar/snap/discord/153/.config/discord/0.0.27/modules/pending/discord_krisp-1.zip: 14%
2023-07-03T17:10:48.201Z [Modules] Streaming discord_krisp@1 to /home/bindeshwar/snap/discord/153/.config/discord/0.0.27/modules/pending/discord_krisp-1.zip: 15%
2023-07-03T17:10:48.202Z [Modules] Streaming discord_krisp@1 to /home/bindeshwar/snap/discord/153/.config/discord/0.0.27/modules/pending/discord_krisp-1.zip: 16%
2023-07-03T17:10:48.203Z [Modules] Streaming discord_krisp@1 to /home/bindeshwar/snap/discord/153/.config/discord/0.0.27/modules/pending/discord_krisp-1.zip: 17%
2023-07-03T17:10:48.338Z [Modules] Streaming discord_krisp@1 to /home/bindeshwar/snap/discord/153/.config/discord/0.0.27/modules/pending/discord_krisp-1.zip: 18%
2023-07-03T17:10:48.406Z [Modules] Streaming discord_krisp@1 to /home/bindeshwar/snap/discord/153/.config/discord/0.0.27/modules/pending/discord_krisp-1.zip: 19%
2023-07-03T17:10:48.410Z [Modules] Streaming discord_krisp@1 to /home/bindeshwar/snap/discord/153/.config/discord/0.0.27/modules/pending/discord_krisp-1.zip: 20%
2023-07-03T17:10:48.413Z [Modules] Streaming discord_krisp@1 to /home/bindeshwar/snap/discord/153/.config/discord/0.0.27/modules/pending/discord_krisp-1.zip: 22%
2023-07-03T17:10:48.422Z [Modules] Host is up to date.
2023-07-03T17:10:48.422Z [Modules] Checking for module updates at https://discord.com/api/modules/stable/versions.json
2023-07-03T17:10:48.426Z [Modules] No module updates available.
2023-07-03T17:10:48.576Z [Modules] Streaming discord_krisp@1 to /home/bindeshwar/snap/discord/153/.config/discord/0.0.27/modules/pending/discord_krisp-1.zip: 23%
2023-07-03T17:10:48.580Z [Modules] Streaming discord_krisp@1 to /home/bindeshwar/snap/discord/153/.config/discord/0.0.27/modules/pending/discord_krisp-1.zip: 25%
2023-07-03T17:10:48.582Z [Modules] Streaming discord_krisp@1 to /home/bindeshwar/snap/discord/153/.config/discord/0.0.27/modules/pending/discord_krisp-1.zip: 26%
2023-07-03T17:10:48.591Z [Modules] Streaming discord_krisp@1 to /home/bindeshwar/snap/discord/153/.config/discord/0.0.27/modules/pending/discord_krisp-1.zip: 27%
2023-07-03T17:10:48.653Z [Modules] Streaming discord_krisp@1 to /home/bindeshwar/snap/discord/153/.config/discord/0.0.27/modules/pending/discord_krisp-1.zip: 28%
2023-07-03T17:10:48.682Z [Modules] Streaming discord_krisp@1 to /home/bindeshwar/snap/discord/153/.config/discord/0.0.27/modules/pending/discord_krisp-1.zip: 29%
2023-07-03T17:10:48.796Z [Modules] Starting to install discord_rpc...
2023-07-03T17:10:48.868Z [Modules] Streaming discord_krisp@1 to /home/bindeshwar/snap/discord/153/.config/discord/0.0.27/modules/pending/discord_krisp-1.zip: 30%
2023-07-03T17:10:49.860Z [Modules] Streaming discord_krisp@1 to /home/bindeshwar/snap/discord/153/.config/discord/0.0.27/modules/pending/discord_krisp-1.zip: 37%
2023-07-03T17:10:49.865Z [Modules] Streaming discord_krisp@1 to /home/bindeshwar/snap/discord/153/.config/discord/0.0.27/modules/pending/discord_krisp-1.zip: 39%
2023-07-03T17:10:49.867Z [Modules] Streaming discord_krisp@1 to /home/bindeshwar/snap/discord/153/.config/discord/0.0.27/modules/pending/discord_krisp-1.zip: 40%
2023-07-03T17:10:49.871Z [Modules] Streaming discord_krisp@1 to /home/bindeshwar/snap/discord/153/.config/discord/0.0.27/modules/pending/discord_krisp-1.zip: 41%
2023-07-03T17:10:49.874Z [Modules] Streaming discord_krisp@1 to /home/bindeshwar/snap/discord/153/.config/discord/0.0.27/modules/pending/discord_krisp-1.zip: 43%
2023-07-03T17:10:49.878Z [Modules] Streaming discord_krisp@1 to /home/bindeshwar/snap/discord/153/.config/discord/0.0.27/modules/pending/discord_krisp-1.zip: 44%
2023-07-03T17:10:49.882Z [Modules] Streaming discord_krisp@1 to /home/bindeshwar/snap/discord/153/.config/discord/0.0.27/modules/pending/discord_krisp-1.zip: 46%
2023-07-03T17:10:49.884Z [Modules] Streaming discord_krisp@1 to /home/bindeshwar/snap/discord/153/.config/discord/0.0.27/modules/pending/discord_krisp-1.zip: 50%
2023-07-03T17:10:49.886Z [Modules] Streaming discord_krisp@1 to /home/bindeshwar/snap/discord/153/.config/discord/0.0.27/modules/pending/discord_krisp-1.zip: 52%
2023-07-03T17:10:49.888Z [Modules] Streaming discord_krisp@1 to /home/bindeshwar/snap/discord/153/.config/discord/0.0.27/modules/pending/discord_krisp-1.zip: 53%
2023-07-03T17:10:49.890Z [Modules] Streaming discord_krisp@1 to /home/bindeshwar/snap/discord/153/.config/discord/0.0.27/modules/pending/discord_krisp-1.zip: 54%
2023-07-03T17:10:49.892Z [Modules] Streaming discord_krisp@1 to /home/bindeshwar/snap/discord/153/.config/discord/0.0.27/modules/pending/discord_krisp-1.zip: 55%
2023-07-03T17:10:50.036Z [Modules] Streaming discord_krisp@1 to /home/bindeshwar/snap/discord/153/.config/discord/0.0.27/modules/pending/discord_krisp-1.zip: 56%
2023-07-03T17:10:50.536Z [Modules] Streaming discord_krisp@1 to /home/bindeshwar/snap/discord/153/.config/discord/0.0.27/modules/pending/discord_krisp-1.zip: 57%
2023-07-03T17:10:50.569Z [Modules] Streaming discord_krisp@1 to /home/bindeshwar/snap/discord/153/.config/discord/0.0.27/modules/pending/discord_krisp-1.zip: 58%
2023-07-03T17:10:50.607Z [Modules] Streaming discord_krisp@1 to /home/bindeshwar/snap/discord/153/.config/discord/0.0.27/modules/pending/discord_krisp-1.zip: 59%
2023-07-03T17:10:50.656Z [Modules] Streaming discord_krisp@1 to /home/bindeshwar/snap/discord/153/.config/discord/0.0.27/modules/pending/discord_krisp-1.zip: 60%
2023-07-03T17:10:50.840Z [Modules] Streaming discord_krisp@1 to /home/bindeshwar/snap/discord/153/.config/discord/0.0.27/modules/pending/discord_krisp-1.zip: 61%
2023-07-03T17:10:50.873Z [Modules] Streaming discord_krisp@1 to /home/bindeshwar/snap/discord/153/.config/discord/0.0.27/modules/pending/discord_krisp-1.zip: 62%
2023-07-03T17:10:50.873Z [Modules] Streaming discord_krisp@1 to /home/bindeshwar/snap/discord/153/.config/discord/0.0.27/modules/pending/discord_krisp-1.zip: 63%
2023-07-03T17:10:50.922Z [Modules] Streaming discord_krisp@1 to /home/bindeshwar/snap/discord/153/.config/discord/0.0.27/modules/pending/discord_krisp-1.zip: 64%
2023-07-03T17:10:50.963Z [Modules] Streaming discord_krisp@1 to /home/bindeshwar/snap/discord/153/.config/discord/0.0.27/modules/pending/discord_krisp-1.zip: 65%
2023-07-03T17:10:50.965Z [Modules] Streaming discord_krisp@1 to /home/bindeshwar/snap/discord/153/.config/discord/0.0.27/modules/pending/discord_krisp-1.zip: 68%
2023-07-03T17:10:50.985Z [Modules] Streaming discord_krisp@1 to /home/bindeshwar/snap/discord/153/.config/discord/0.0.27/modules/pending/discord_krisp-1.zip: 69%
2023-07-03T17:10:51.021Z [Modules] Streaming discord_krisp@1 to /home/bindeshwar/snap/discord/153/.config/discord/0.0.27/modules/pending/discord_krisp-1.zip: 70%
2023-07-03T17:10:51.056Z [Modules] Streaming discord_krisp@1 to /home/bindeshwar/snap/discord/153/.config/discord/0.0.27/modules/pending/discord_krisp-1.zip: 71%
2023-07-03T17:10:51.240Z [Modules] Streaming discord_krisp@1 to /home/bindeshwar/snap/discord/153/.config/discord/0.0.27/modules/pending/discord_krisp-1.zip: 72%
2023-07-03T17:10:51.242Z [Modules] Streaming discord_krisp@1 to /home/bindeshwar/snap/discord/153/.config/discord/0.0.27/modules/pending/discord_krisp-1.zip: 73%
2023-07-03T17:10:51.243Z [Modules] Streaming discord_krisp@1 to /home/bindeshwar/snap/discord/153/.config/discord/0.0.27/modules/pending/discord_krisp-1.zip: 74%
2023-07-03T17:10:51.245Z [Modules] Streaming discord_krisp@1 to /home/bindeshwar/snap/discord/153/.config/discord/0.0.27/modules/pending/discord_krisp-1.zip: 75%
2023-07-03T17:10:51.246Z [Modules] Streaming discord_krisp@1 to /home/bindeshwar/snap/discord/153/.config/discord/0.0.27/modules/pending/discord_krisp-1.zip: 76%
2023-07-03T17:10:51.276Z [Modules] Streaming discord_krisp@1 to /home/bindeshwar/snap/discord/153/.config/discord/0.0.27/modules/pending/discord_krisp-1.zip: 77%
2023-07-03T17:10:51.312Z [Modules] Streaming discord_krisp@1 to /home/bindeshwar/snap/discord/153/.config/discord/0.0.27/modules/pending/discord_krisp-1.zip: 78%
2023-07-03T17:10:51.351Z [Modules] Streaming discord_krisp@1 to /home/bindeshwar/snap/discord/153/.config/discord/0.0.27/modules/pending/discord_krisp-1.zip: 79%
2023-07-03T17:10:51.396Z [Modules] Streaming discord_krisp@1 to /home/bindeshwar/snap/discord/153/.config/discord/0.0.27/modules/pending/discord_krisp-1.zip: 80%
2023-07-03T17:10:51.449Z [Modules] Streaming discord_krisp@1 to /home/bindeshwar/snap/discord/153/.config/discord/0.0.27/modules/pending/discord_krisp-1.zip: 81%
2023-07-03T17:10:51.463Z [Modules] Streaming discord_krisp@1 to /home/bindeshwar/snap/discord/153/.config/discord/0.0.27/modules/pending/discord_krisp-1.zip: 82%
2023-07-03T17:10:51.482Z [Modules] Streaming discord_krisp@1 to /home/bindeshwar/snap/discord/153/.config/discord/0.0.27/modules/pending/discord_krisp-1.zip: 83%
2023-07-03T17:10:51.506Z [Modules] Streaming discord_krisp@1 to /home/bindeshwar/snap/discord/153/.config/discord/0.0.27/modules/pending/discord_krisp-1.zip: 84%
2023-07-03T17:10:51.534Z [Modules] Streaming discord_krisp@1 to /home/bindeshwar/snap/discord/153/.config/discord/0.0.27/modules/pending/discord_krisp-1.zip: 85%
2023-07-03T17:10:51.724Z [Modules] Streaming discord_krisp@1 to /home/bindeshwar/snap/discord/153/.config/discord/0.0.27/modules/pending/discord_krisp-1.zip: 86%
2023-07-03T17:10:51.755Z [Modules] Streaming discord_krisp@1 to /home/bindeshwar/snap/discord/153/.config/discord/0.0.27/modules/pending/discord_krisp-1.zip: 87%
2023-07-03T17:10:51.757Z [Modules] Streaming discord_krisp@1 to /home/bindeshwar/snap/discord/153/.config/discord/0.0.27/modules/pending/discord_krisp-1.zip: 88%
2023-07-03T17:10:51.759Z [Modules] Streaming discord_krisp@1 to /home/bindeshwar/snap/discord/153/.config/discord/0.0.27/modules/pending/discord_krisp-1.zip: 89%
2023-07-03T17:10:51.760Z [Modules] Streaming discord_krisp@1 to /home/bindeshwar/snap/discord/153/.config/discord/0.0.27/modules/pending/discord_krisp-1.zip: 90%
2023-07-03T17:10:51.817Z [Modules] Streaming discord_krisp@1 to /home/bindeshwar/snap/discord/153/.config/discord/0.0.27/modules/pending/discord_krisp-1.zip: 91%
2023-07-03T17:10:51.996Z [Modules] Streaming discord_krisp@1 to /home/bindeshwar/snap/discord/153/.config/discord/0.0.27/modules/pending/discord_krisp-1.zip: 92%
2023-07-03T17:10:51.999Z [Modules] Streaming discord_krisp@1 to /home/bindeshwar/snap/discord/153/.config/discord/0.0.27/modules/pending/discord_krisp-1.zip: 93%
2023-07-03T17:10:52.000Z [Modules] Streaming discord_krisp@1 to /home/bindeshwar/snap/discord/153/.config/discord/0.0.27/modules/pending/discord_krisp-1.zip: 94%
2023-07-03T17:10:52.107Z [Modules] Streaming discord_krisp@1 to /home/bindeshwar/snap/discord/153/.config/discord/0.0.27/modules/pending/discord_krisp-1.zip: 95%
2023-07-03T17:10:52.147Z [Modules] Streaming discord_krisp@1 to /home/bindeshwar/snap/discord/153/.config/discord/0.0.27/modules/pending/discord_krisp-1.zip: 96%
2023-07-03T17:10:52.149Z [Modules] Streaming discord_krisp@1 to /home/bindeshwar/snap/discord/153/.config/discord/0.0.27/modules/pending/discord_krisp-1.zip: 97%
2023-07-03T17:10:52.229Z [Modules] Streaming discord_krisp@1 to /home/bindeshwar/snap/discord/153/.config/discord/0.0.27/modules/pending/discord_krisp-1.zip: 98%
2023-07-03T17:10:52.231Z [Modules] Streaming discord_krisp@1 to /home/bindeshwar/snap/discord/153/.config/discord/0.0.27/modules/pending/discord_krisp-1.zip: 99%
2023-07-03T17:10:52.281Z [Modules] Streaming discord_krisp@1 to /home/bindeshwar/snap/discord/153/.config/discord/0.0.27/modules/pending/discord_krisp-1.zip: 100%
2023-07-03T17:10:52.285Z [Modules] Fetching discord_game_utils@1 from https://discord.com/api/modules/stable/discord_game_utils/1
2023-07-03T17:10:52.286Z [Modules] Streaming discord_game_utils@1 to /home/bindeshwar/snap/discord/153/.config/discord/0.0.27/modules/pending/discord_game_utils-1.zip
2023-07-03T17:10:52.286Z [Modules] Installing discord_krisp@1 from /home/bindeshwar/snap/discord/153/.config/discord/0.0.27/modules/pending/discord_krisp-1.zip
2023-07-03T17:10:52.824Z [Modules] Finished module installations. [success: 1] [failure: 0]
2023-07-03T17:10:52.849Z [Modules] Streaming discord_game_utils@1 to /home/bindeshwar/snap/discord/153/.config/discord/0.0.27/modules/pending/discord_game_utils-1.zip: 1%
2023-07-03T17:10:52.857Z [Modules] Streaming discord_game_utils@1 to /home/bindeshwar/snap/discord/153/.config/discord/0.0.27/modules/pending/discord_game_utils-1.zip: 2%
2023-07-03T17:10:52.858Z [Modules] Streaming discord_game_utils@1 to /home/bindeshwar/snap/discord/153/.config/discord/0.0.27/modules/pending/discord_game_utils-1.zip: 3%
2023-07-03T17:10:52.865Z [Modules] Streaming discord_game_utils@1 to /home/bindeshwar/snap/discord/153/.config/discord/0.0.27/modules/pending/discord_game_utils-1.zip: 4%
2023-07-03T17:10:52.868Z [Modules] Streaming discord_game_utils@1 to /home/bindeshwar/snap/discord/153/.config/discord/0.0.27/modules/pending/discord_game_utils-1.zip: 5%
2023-07-03T17:10:52.873Z [Modules] Streaming discord_game_utils@1 to /home/bindeshwar/snap/discord/153/.config/discord/0.0.27/modules/pending/discord_game_utils-1.zip: 6%
2023-07-03T17:10:52.877Z [Modules] Streaming discord_game_utils@1 to /home/bindeshwar/snap/discord/153/.config/discord/0.0.27/modules/pending/discord_game_utils-1.zip: 7%
2023-07-03T17:10:52.879Z [Modules] Streaming discord_game_utils@1 to /home/bindeshwar/snap/discord/153/.config/discord/0.0.27/modules/pending/discord_game_utils-1.zip: 8%
2023-07-03T17:10:52.883Z [Modules] Streaming discord_game_utils@1 to /home/bindeshwar/snap/discord/153/.config/discord/0.0.27/modules/pending/discord_game_utils-1.zip: 9%
2023-07-03T17:10:52.886Z [Modules] Streaming discord_game_utils@1 to /home/bindeshwar/snap/discord/153/.config/discord/0.0.27/modules/pending/discord_game_utils-1.zip: 10%
2023-07-03T17:10:52.890Z [Modules] Streaming discord_game_utils@1 to /home/bindeshwar/snap/discord/153/.config/discord/0.0.27/modules/pending/discord_game_utils-1.zip: 11%
2023-07-03T17:10:52.893Z [Modules] Streaming discord_game_utils@1 to /home/bindeshwar/snap/discord/153/.config/discord/0.0.27/modules/pending/discord_game_utils-1.zip: 12%
2023-07-03T17:10:52.893Z [Modules] Streaming discord_game_utils@1 to /home/bindeshwar/snap/discord/153/.config/discord/0.0.27/modules/pending/discord_game_utils-1.zip: 13%
2023-07-03T17:10:52.899Z [Modules] Streaming discord_game_utils@1 to /home/bindeshwar/snap/discord/153/.config/discord/0.0.27/modules/pending/discord_game_utils-1.zip: 15%
2023-07-03T17:10:52.906Z [Modules] Streaming discord_game_utils@1 to /home/bindeshwar/snap/discord/153/.config/discord/0.0.27/modules/pending/discord_game_utils-1.zip: 17%
2023-07-03T17:10:52.909Z [Modules] Streaming discord_game_utils@1 to /home/bindeshwar/snap/discord/153/.config/discord/0.0.27/modules/pending/discord_game_utils-1.zip: 18%
2023-07-03T17:10:52.913Z [Modules] Streaming discord_game_utils@1 to /home/bindeshwar/snap/discord/153/.config/discord/0.0.27/modules/pending/discord_game_utils-1.zip: 19%
2023-07-03T17:10:52.917Z [Modules] Streaming discord_game_utils@1 to /home/bindeshwar/snap/discord/153/.config/discord/0.0.27/modules/pending/discord_game_utils-1.zip: 20%
2023-07-03T17:10:52.922Z [Modules] Streaming discord_game_utils@1 to /home/bindeshwar/snap/discord/153/.config/discord/0.0.27/modules/pending/discord_game_utils-1.zip: 21%
2023-07-03T17:10:52.926Z [Modules] Streaming discord_game_utils@1 to /home/bindeshwar/snap/discord/153/.config/discord/0.0.27/modules/pending/discord_game_utils-1.zip: 22%
2023-07-03T17:10:52.928Z [Modules] Streaming discord_game_utils@1 to /home/bindeshwar/snap/discord/153/.config/discord/0.0.27/modules/pending/discord_game_utils-1.zip: 23%
2023-07-03T17:10:52.930Z [Modules] Streaming discord_game_utils@1 to /home/bindeshwar/snap/discord/153/.config/discord/0.0.27/modules/pending/discord_game_utils-1.zip: 24%
2023-07-03T17:10:52.936Z [Modules] Streaming discord_game_utils@1 to /home/bindeshwar/snap/discord/153/.config/discord/0.0.27/modules/pending/discord_game_utils-1.zip: 25%
2023-07-03T17:10:52.939Z [Modules] Streaming discord_game_utils@1 to /home/bindeshwar/snap/discord/153/.config/discord/0.0.27/modules/pending/discord_game_utils-1.zip: 26%
2023-07-03T17:10:52.942Z [Modules] Streaming discord_game_utils@1 to /home/bindeshwar/snap/discord/153/.config/discord/0.0.27/modules/pending/discord_game_utils-1.zip: 27%
2023-07-03T17:10:52.947Z [Modules] Streaming discord_game_utils@1 to /home/bindeshwar/snap/discord/153/.config/discord/0.0.27/modules/pending/discord_game_utils-1.zip: 29%
2023-07-03T17:10:52.953Z [Modules] Streaming discord_game_utils@1 to /home/bindeshwar/snap/discord/153/.config/discord/0.0.27/modules/pending/discord_game_utils-1.zip: 30%
2023-07-03T17:10:52.957Z [Modules] Streaming discord_game_utils@1 to /home/bindeshwar/snap/discord/153/.config/discord/0.0.27/modules/pending/discord_game_utils-1.zip: 31%
2023-07-03T17:10:52.962Z [Modules] Streaming discord_game_utils@1 to /home/bindeshwar/snap/discord/153/.config/discord/0.0.27/modules/pending/discord_game_utils-1.zip: 32%
2023-07-03T17:10:52.965Z [Modules] Streaming discord_game_utils@1 to /home/bindeshwar/snap/discord/153/.config/discord/0.0.27/modules/pending/discord_game_utils-1.zip: 33%
2023-07-03T17:10:52.968Z [Modules] Streaming discord_game_utils@1 to /home/bindeshwar/snap/discord/153/.config/discord/0.0.27/modules/pending/discord_game_utils-1.zip: 34%
2023-07-03T17:10:52.974Z [Modules] Streaming discord_game_utils@1 to /home/bindeshwar/snap/discord/153/.config/discord/0.0.27/modules/pending/discord_game_utils-1.zip: 36%
2023-07-03T17:10:52.976Z [Modules] Streaming discord_game_utils@1 to /home/bindeshwar/snap/discord/153/.config/discord/0.0.27/modules/pending/discord_game_utils-1.zip: 37%
2023-07-03T17:10:52.979Z [Modules] Streaming discord_game_utils@1 to /home/bindeshwar/snap/discord/153/.config/discord/0.0.27/modules/pending/discord_game_utils-1.zip: 38%
2023-07-03T17:10:52.981Z [Modules] Streaming discord_game_utils@1 to /home/bindeshwar/snap/discord/153/.config/discord/0.0.27/modules/pending/discord_game_utils-1.zip: 39%
2023-07-03T17:10:52.986Z [Modules] Streaming discord_game_utils@1 to /home/bindeshwar/snap/discord/153/.config/discord/0.0.27/modules/pending/discord_game_utils-1.zip: 41%
2023-07-03T17:10:52.992Z [Modules] Streaming discord_game_utils@1 to /home/bindeshwar/snap/discord/153/.config/discord/0.0.27/modules/pending/discord_game_utils-1.zip: 43%
2023-07-03T17:10:52.997Z [Modules] Streaming discord_game_utils@1 to /home/bindeshwar/snap/discord/153/.config/discord/0.0.27/modules/pending/discord_game_utils-1.zip: 44%
2023-07-03T17:10:52.998Z [Modules] Streaming discord_game_utils@1 to /home/bindeshwar/snap/discord/153/.config/discord/0.0.27/modules/pending/discord_game_utils-1.zip: 45%
2023-07-03T17:10:53.149Z [Modules] Streaming discord_game_utils@1 to /home/bindeshwar/snap/discord/153/.config/discord/0.0.27/modules/pending/discord_game_utils-1.zip: 47%
2023-07-03T17:10:53.150Z [Modules] Streaming discord_game_utils@1 to /home/bindeshwar/snap/discord/153/.config/discord/0.0.27/modules/pending/discord_game_utils-1.zip: 50%
2023-07-03T17:10:53.155Z [Modules] Streaming discord_game_utils@1 to /home/bindeshwar/snap/discord/153/.config/discord/0.0.27/modules/pending/discord_game_utils-1.zip: 80%
2023-07-03T17:10:53.156Z [Modules] Streaming discord_game_utils@1 to /home/bindeshwar/snap/discord/153/.config/discord/0.0.27/modules/pending/discord_game_utils-1.zip: 82%
2023-07-03T17:10:53.157Z [Modules] Streaming discord_game_utils@1 to /home/bindeshwar/snap/discord/153/.config/discord/0.0.27/modules/pending/discord_game_utils-1.zip: 84%
2023-07-03T17:10:53.161Z [Modules] Streaming discord_game_utils@1 to /home/bindeshwar/snap/discord/153/.config/discord/0.0.27/modules/pending/discord_game_utils-1.zip: 94%
2023-07-03T17:10:53.163Z [Modules] Streaming discord_game_utils@1 to /home/bindeshwar/snap/discord/153/.config/discord/0.0.27/modules/pending/discord_game_utils-1.zip: 95%
2023-07-03T17:10:53.165Z [Modules] Streaming discord_game_utils@1 to /home/bindeshwar/snap/discord/153/.config/discord/0.0.27/modules/pending/discord_game_utils-1.zip: 96%
2023-07-03T17:10:53.169Z [Modules] Streaming discord_game_utils@1 to /home/bindeshwar/snap/discord/153/.config/discord/0.0.27/modules/pending/discord_game_utils-1.zip: 97%
2023-07-03T17:10:53.171Z [Modules] Streaming discord_game_utils@1 to /home/bindeshwar/snap/discord/153/.config/discord/0.0.27/modules/pending/discord_game_utils-1.zip: 98%
2023-07-03T17:10:53.176Z [Modules] Streaming discord_game_utils@1 to /home/bindeshwar/snap/discord/153/.config/discord/0.0.27/modules/pending/discord_game_utils-1.zip: 100%
2023-07-03T17:10:53.178Z [Modules] Fetching discord_rpc@1 from https://discord.com/api/modules/stable/discord_rpc/1
2023-07-03T17:10:53.178Z [Modules] Streaming discord_rpc@1 to /home/bindeshwar/snap/discord/153/.config/discord/0.0.27/modules/pending/discord_rpc-1.zip
2023-07-03T17:10:53.178Z [Modules] Installing discord_game_utils@1 from /home/bindeshwar/snap/discord/153/.config/discord/0.0.27/modules/pending/discord_game_utils-1.zip
2023-07-03T17:10:53.283Z [Modules] Finished module installations. [success: 1] [failure: 0]
2023-07-03T17:10:53.712Z [Modules] Streaming discord_rpc@1 to /home/bindeshwar/snap/discord/153/.config/discord/0.0.27/modules/pending/discord_rpc-1.zip: 38%
2023-07-03T17:10:53.713Z [Modules] Streaming discord_rpc@1 to /home/bindeshwar/snap/discord/153/.config/discord/0.0.27/modules/pending/discord_rpc-1.zip: 100%
2023-07-03T17:10:53.715Z [Modules] Finished module downloads. [success: 3] [failure: 0]
2023-07-03T17:10:53.715Z [Modules] Installing discord_rpc@1 from /home/bindeshwar/snap/discord/153/.config/discord/0.0.27/modules/pending/discord_rpc-1.zip
2023-07-03T17:10:53.738Z [Modules] Finished module installations. [success: 1] [failure: 0]
2023-07-03T19:58:44.838Z [Modules] Modules initializing
2023-07-03T19:58:44.838Z [Modules] Distribution: remote
2023-07-03T19:58:44.839Z [Modules] Host updates: disabled
2023-07-03T19:58:44.839Z [Modules] Module updates: enabled
2023-07-03T19:58:44.839Z [Modules] Module install path: /home/bindeshwar/snap/discord/153/.config/discord/0.0.27/modules
2023-07-03T19:58:44.839Z [Modules] Module installed file path: /home/bindeshwar/snap/discord/153/.config/discord/0.0.27/modules/installed.json
2023-07-03T19:58:44.839Z [Modules] Module download path: /home/bindeshwar/snap/discord/153/.config/discord/0.0.27/modules/pending
2023-07-03T19:58:45.037Z [Modules] No updates to install
2023-07-03T19:58:45.038Z [Modules] Host is up to date.
2023-07-03T19:58:45.039Z [Modules] Checking for module updates at https://discord.com/api/modules/stable/versions.json
2023-07-03T19:58:45.160Z [Modules] No module updates available.
2023-07-03T19:58:50.189Z [Modules] Host is up to date.
2023-07-03T19:58:50.189Z [Modules] Checking for module updates at https://discord.com/api/modules/stable/versions.json
2023-07-03T19:58:50.192Z [Modules] No module updates available.
2023-07-04T04:03:30.404Z [Modules] Modules initializing
2023-07-04T04:03:30.406Z [Modules] Distribution: remote
2023-07-04T04:03:30.406Z [Modules] Host updates: disabled
2023-07-04T04:03:30.406Z [Modules] Module updates: enabled
2023-07-04T04:03:30.406Z [Modules] Module install path: /home/bindeshwar/snap/discord/153/.config/discord/0.0.27/modules
2023-07-04T04:03:30.406Z [Modules] Module installed file path: /home/bindeshwar/snap/discord/153/.config/discord/0.0.27/modules/installed.json
2023-07-04T04:03:30.407Z [Modules] Module download path: /home/bindeshwar/snap/discord/153/.config/discord/0.0.27/modules/pending
2023-07-04T04:03:30.894Z [Modules] No updates to install
2023-07-04T04:03:30.895Z [Modules] Host is up to date.
2023-07-04T04:03:30.895Z [Modules] Checking for module updates at https://discord.com/api/modules/stable/versions.json
2023-07-04T04:03:31.051Z [Modules] No module updates available.
2023-07-04T04:03:34.457Z [Modules] Host is up to date.
2023-07-04T04:03:34.457Z [Modules] Checking for module updates at https://discord.com/api/modules/stable/versions.json
2023-07-04T04:03:34.460Z [Modules] No module updates available.
2023-07-04T05:03:34.461Z [Modules] Host is up to date.
2023-07-04T05:03:34.462Z [Modules] Checking for module updates at https://discord.com/api/modules/stable/versions.json
2023-07-04T05:03:34.538Z [Modules] No module updates available.
2023-07-04T06:03:34.457Z [Modules] Host is up to date.
2023-07-04T06:03:34.458Z [Modules] Checking for module updates at https://discord.com/api/modules/stable/versions.json
2023-07-04T06:03:34.584Z [Modules] No module updates available.
2023-07-04T07:03:34.457Z [Modules] Host is up to date.
2023-07-04T07:03:34.458Z [Modules] Checking for module updates at https://discord.com/api/modules/stable/versions.json
2023-07-04T07:03:34.639Z [Modules] No module updates available.
2023-07-04T08:27:44.481Z [Modules] Modules initializing
2023-07-04T08:27:44.483Z [Modules] Distribution: remote
2023-07-04T08:27:44.483Z [Modules] Host updates: disabled
2023-07-04T08:27:44.483Z [Modules] Module updates: enabled
2023-07-04T08:27:44.484Z [Modules] Module install path: /home/bindeshwar/snap/discord/153/.config/discord/0.0.27/modules
2023-07-04T08:27:44.484Z [Modules] Module installed file path: /home/bindeshwar/snap/discord/153/.config/discord/0.0.27/modules/installed.json
2023-07-04T08:27:44.484Z [Modules] Module download path: /home/bindeshwar/snap/discord/153/.config/discord/0.0.27/modules/pending
2023-07-04T08:27:44.900Z [Modules] No updates to install
2023-07-04T08:27:44.900Z [Modules] Host is up to date.
2023-07-04T08:27:44.901Z [Modules] Checking for module updates at https://discord.com/api/modules/stable/versions.json
2023-07-04T08:27:45.259Z [Modules] No module updates available.
2023-07-04T08:27:48.554Z [Modules] Host is up to date.
2023-07-04T08:27:48.554Z [Modules] Checking for module updates at https://discord.com/api/modules/stable/versions.json
2023-07-04T08:27:48.557Z [Modules] No module updates available.
2023-07-04T09:27:48.557Z [Modules] Host is up to date.
2023-07-04T09:27:48.557Z [Modules] Checking for module updates at https://discord.com/api/modules/stable/versions.json
2023-07-04T09:27:48.936Z [Modules] No module updates available.
2023-07-04T10:40:53.803Z [Modules] Host is up to date.
2023-07-04T10:40:53.803Z [Modules] Checking for module updates at https://discord.com/api/modules/stable/versions.json
2023-07-04T10:40:53.927Z [Modules] No module updates available.
2023-07-04T11:40:54.226Z [Modules] Host is up to date.
2023-07-04T11:40:54.239Z [Modules] Checking for module updates at https://discord.com/api/modules/stable/versions.json
2023-07-04T11:40:54.514Z [Modules] No module updates available.
